info: Server started at http://localhost:3000/api/v1/ {"timestamp":"2023-03-11T02:49:30.795Z"}
info: Connected to the database. {"timestamp":"2023-03-11T02:49:30.864Z"}
error: 
      status - 400
      message - Authorization token is required 
      url - /api/v1/books 
      method - GET 
      IP - ::1
     {"timestamp":"2023-03-11T02:52:09.653Z"}
info: Server started at http://localhost:3000/api/v1/ {"timestamp":"2023-03-11T03:12:10.997Z"}
info: Connected to the database. {"timestamp":"2023-03-11T03:12:11.030Z"}
info: Server started at http://localhost:3000/api/v1/ {"timestamp":"2023-03-11T03:14:14.376Z"}
info: Connected to the database. {"timestamp":"2023-03-11T03:14:14.406Z"}
info: Server started at http://localhost:3000/api/v1/ {"timestamp":"2023-03-11T03:15:35.153Z"}
info: Connected to the database. {"timestamp":"2023-03-11T03:15:35.189Z"}
info: Server started at http://localhost:3000/api/v1/ {"timestamp":"2023-03-11T03:16:20.410Z"}
info: Connected to the database. {"timestamp":"2023-03-11T03:16:20.440Z"}
info: Server started at http://localhost:3000/api/v1/ {"timestamp":"2023-03-11T03:16:50.155Z"}
info: Connected to the database. {"timestamp":"2023-03-11T03:16:50.181Z"}
info: Server started at http://localhost:3000/api/v1/ {"timestamp":"2023-03-11T04:27:57.480Z"}
info: Connected to the database. {"timestamp":"2023-03-11T04:27:57.565Z"}
info: Server started at http://localhost:3000/api/v1/ {"timestamp":"2023-03-11T08:42:19.554Z"}
info: Connected to the database. {"timestamp":"2023-03-11T08:42:19.638Z"}
info: Server started at http://localhost:3000/api/v1/ {"timestamp":"2023-03-11T08:55:38.328Z"}
info: Connected to the database. {"timestamp":"2023-03-11T08:55:38.366Z"}
info: Server started at http://localhost:3000/api/v1/ {"timestamp":"2023-03-11T09:22:53.028Z"}
info: Connected to the database. {"timestamp":"2023-03-11T09:22:53.080Z"}
error: 
    status - 500 
    message - TypeError: Cannot read properties of null (reading '_id')
    at _callee2$ (F:\bridgelabz\nodeJSProjects\book-store-backend\book-store\src\services\/cart.service.js:91:48)
    at tryCatch (F:\bridgelabz\nodeJSProjects\book-store-backend\book-store\node_modules\@babel\runtime\helpers\regeneratorRuntime.js:44:17)
    at Generator.<anonymous> (F:\bridgelabz\nodeJSProjects\book-store-backend\book-store\node_modules\@babel\runtime\helpers\regeneratorRuntime.js:125:22)
    at Generator.next (F:\bridgelabz\nodeJSProjects\book-store-backend\book-store\node_modules\@babel\runtime\helpers\regeneratorRuntime.js:69:21)
    at asyncGeneratorStep (F:\bridgelabz\nodeJSProjects\book-store-backend\book-store\node_modules\@babel\runtime\helpers\asyncToGenerator.js:3:24)
    at _next (F:\bridgelabz\nodeJSProjects\book-store-backend\book-store\node_modules\@babel\runtime\helpers\asyncToGenerator.js:22:9)
    at processTicksAndRejections (node:internal/process/task_queues:95:5) 
    url - /api/v1/carts/remove/book/640af9951af44e0d80bed0e2 
    method - POST 
    IP - ::1
   {"timestamp":"2023-03-11T09:23:07.842Z"}
info: Server started at http://localhost:3000/api/v1/ {"timestamp":"2023-03-11T09:24:19.664Z"}
info: Connected to the database. {"timestamp":"2023-03-11T09:24:19.698Z"}
info: Server started at http://localhost:3000/api/v1/ {"timestamp":"2023-03-11T09:25:04.281Z"}
info: Connected to the database. {"timestamp":"2023-03-11T09:25:04.315Z"}
info: Server started at http://localhost:3000/api/v1/ {"timestamp":"2023-03-11T09:25:45.043Z"}
info: Connected to the database. {"timestamp":"2023-03-11T09:25:45.086Z"}
info: Server started at http://localhost:3000/api/v1/ {"timestamp":"2023-03-11T09:33:55.257Z"}
info: Connected to the database. {"timestamp":"2023-03-11T09:33:55.287Z"}
info: Server started at http://localhost:3000/api/v1/ {"timestamp":"2023-03-11T09:38:29.010Z"}
info: Connected to the database. {"timestamp":"2023-03-11T09:38:29.048Z"}
info: Server started at http://localhost:3000/api/v1/ {"timestamp":"2023-03-11T09:41:28.653Z"}
info: Connected to the database. {"timestamp":"2023-03-11T09:41:28.684Z"}
info: Server started at http://localhost:3000/api/v1/ {"timestamp":"2023-03-11T09:49:43.100Z"}
info: Connected to the database. {"timestamp":"2023-03-11T09:49:43.135Z"}
info: Server started at http://localhost:3000/api/v1/ {"timestamp":"2023-03-11T09:50:45.772Z"}
info: Connected to the database. {"timestamp":"2023-03-11T09:50:45.806Z"}
info: Server started at http://localhost:3000/api/v1/ {"timestamp":"2023-03-11T09:54:00.415Z"}
info: Connected to the database. {"timestamp":"2023-03-11T09:54:00.488Z"}
info: Server started at http://localhost:3000/api/v1/ {"timestamp":"2023-03-11T09:54:07.349Z"}
info: Connected to the database. {"timestamp":"2023-03-11T09:54:07.387Z"}
info: Server started at http://localhost:3000/api/v1/ {"timestamp":"2023-03-11T11:30:29.147Z"}
info: Connected to the database. {"timestamp":"2023-03-11T11:30:29.238Z"}
info: Server started at http://localhost:3000/api/v1/ {"timestamp":"2023-03-11T12:36:14.010Z"}
info: Connected to the database. {"timestamp":"2023-03-11T12:36:14.050Z"}
info: Server started at http://localhost:3000/api/v1/ {"timestamp":"2023-03-11T15:18:42.464Z"}
info: Connected to the database. {"timestamp":"2023-03-11T15:18:42.526Z"}
info: Server started at http://localhost:3000/api/v1/ {"timestamp":"2023-03-11T15:19:32.494Z"}
info: Connected to the database. {"timestamp":"2023-03-11T15:19:32.532Z"}
info: Server started at http://localhost:3000/api/v1/ {"timestamp":"2023-03-11T15:19:38.089Z"}
info: Connected to the database. {"timestamp":"2023-03-11T15:19:38.117Z"}
info: Server started at http://localhost:3000/api/v1/ {"timestamp":"2023-03-11T15:20:10.053Z"}
info: Connected to the database. {"timestamp":"2023-03-11T15:20:10.086Z"}
info: Server started at http://localhost:3000/api/v1/ {"timestamp":"2023-03-11T15:20:17.216Z"}
info: Connected to the database. {"timestamp":"2023-03-11T15:20:17.242Z"}
error: 
    status - 500 
    message - CastError: Cast to ObjectId failed for value "undefined" (type string) at path "_id" for model "Book"
    at model.Query.exec (F:\bridgelabz\nodeJSProjects\book-store-backend\book-store\node_modules\mongoose\lib\query.js:4498:21)
    at model.Query.Query.then (F:\bridgelabz\nodeJSProjects\book-store-backend\book-store\node_modules\mongoose\lib\query.js:4592:15)
    at processTicksAndRejections (node:internal/process/task_queues:95:5) 
    url - /api/v1/wishlists/remove/book/undefined 
    method - POST 
    IP - ::1
   {"timestamp":"2023-03-11T16:00:45.114Z"}
error: 
    status - 500 
    message - CastError: Cast to ObjectId failed for value "undefined" (type string) at path "_id" for model "Book"
    at model.Query.exec (F:\bridgelabz\nodeJSProjects\book-store-backend\book-store\node_modules\mongoose\lib\query.js:4498:21)
    at model.Query.Query.then (F:\bridgelabz\nodeJSProjects\book-store-backend\book-store\node_modules\mongoose\lib\query.js:4592:15)
    at processTicksAndRejections (node:internal/process/task_queues:95:5) 
    url - /api/v1/wishlists/remove/book/undefined 
    method - POST 
    IP - ::1
   {"timestamp":"2023-03-11T16:01:01.447Z"}
error: 
    status - 500 
    message - TypeError: Cannot read properties of undefined (reading 'message')
    at _callee2$ (F:\bridgelabz\nodeJSProjects\book-store-backend\book-store\src\controllers\/wishlist.controller.js:39:13)
    at tryCatch (F:\bridgelabz\nodeJSProjects\book-store-backend\book-store\node_modules\@babel\runtime\helpers\regeneratorRuntime.js:44:17)
    at Generator.<anonymous> (F:\bridgelabz\nodeJSProjects\book-store-backend\book-store\node_modules\@babel\runtime\helpers\regeneratorRuntime.js:125:22)
    at Generator.next (F:\bridgelabz\nodeJSProjects\book-store-backend\book-store\node_modules\@babel\runtime\helpers\regeneratorRuntime.js:69:21)
    at asyncGeneratorStep (F:\bridgelabz\nodeJSProjects\book-store-backend\book-store\node_modules\@babel\runtime\helpers\asyncToGenerator.js:3:24)
    at _next (F:\bridgelabz\nodeJSProjects\book-store-backend\book-store\node_modules\@babel\runtime\helpers\asyncToGenerator.js:22:9)
    at processTicksAndRejections (node:internal/process/task_queues:95:5) 
    url - /api/v1/wishlists/add/book/6215892405253301a4fda5d2 
    method - POST 
    IP - ::1
   {"timestamp":"2023-03-11T16:01:51.680Z"}
error: 
    status - 500 
    message - TypeError: Cannot read properties of undefined (reading 'message')
    at _callee2$ (F:\bridgelabz\nodeJSProjects\book-store-backend\book-store\src\controllers\/wishlist.controller.js:39:13)
    at tryCatch (F:\bridgelabz\nodeJSProjects\book-store-backend\book-store\node_modules\@babel\runtime\helpers\regeneratorRuntime.js:44:17)
    at Generator.<anonymous> (F:\bridgelabz\nodeJSProjects\book-store-backend\book-store\node_modules\@babel\runtime\helpers\regeneratorRuntime.js:125:22)
    at Generator.next (F:\bridgelabz\nodeJSProjects\book-store-backend\book-store\node_modules\@babel\runtime\helpers\regeneratorRuntime.js:69:21)
    at asyncGeneratorStep (F:\bridgelabz\nodeJSProjects\book-store-backend\book-store\node_modules\@babel\runtime\helpers\asyncToGenerator.js:3:24)
    at _next (F:\bridgelabz\nodeJSProjects\book-store-backend\book-store\node_modules\@babel\runtime\helpers\asyncToGenerator.js:22:9)
    at processTicksAndRejections (node:internal/process/task_queues:95:5) 
    url - /api/v1/wishlists/add/book/6215893e05253301a4fda5d3 
    method - POST 
    IP - ::1
   {"timestamp":"2023-03-11T16:02:09.228Z"}
info: Server started at http://localhost:3000/api/v1/ {"timestamp":"2023-03-11T16:06:32.524Z"}
info: Connected to the database. {"timestamp":"2023-03-11T16:06:32.586Z"}
error: 
    status - 500 
    message - TypeError: Cannot use 'in' operator to search for 'error' in undefined
    at _callee2$ (F:\bridgelabz\nodeJSProjects\book-store-backend\book-store\src\controllers\/wishlist.controller.js:39:15)
    at tryCatch (F:\bridgelabz\nodeJSProjects\book-store-backend\book-store\node_modules\@babel\runtime\helpers\regeneratorRuntime.js:44:17)
    at Generator.<anonymous> (F:\bridgelabz\nodeJSProjects\book-store-backend\book-store\node_modules\@babel\runtime\helpers\regeneratorRuntime.js:125:22)
    at Generator.next (F:\bridgelabz\nodeJSProjects\book-store-backend\book-store\node_modules\@babel\runtime\helpers\regeneratorRuntime.js:69:21)
    at asyncGeneratorStep (F:\bridgelabz\nodeJSProjects\book-store-backend\book-store\node_modules\@babel\runtime\helpers\asyncToGenerator.js:3:24)
    at _next (F:\bridgelabz\nodeJSProjects\book-store-backend\book-store\node_modules\@babel\runtime\helpers\asyncToGenerator.js:22:9)
    at processTicksAndRejections (node:internal/process/task_queues:95:5) 
    url - /api/v1/wishlists/add/book/6215898705253301a4fda5d6 
    method - POST 
    IP - ::1
   {"timestamp":"2023-03-11T16:07:44.769Z"}
info: Server started at http://localhost:3000/api/v1/ {"timestamp":"2023-03-11T16:09:57.692Z"}
info: Connected to the database. {"timestamp":"2023-03-11T16:09:57.729Z"}
info: Server started at http://localhost:3000/api/v1/ {"timestamp":"2023-03-11T16:17:40.375Z"}
info: Connected to the database. {"timestamp":"2023-03-11T16:17:40.410Z"}
info: Server started at http://localhost:3000/api/v1/ {"timestamp":"2023-03-11T16:19:34.551Z"}
info: Connected to the database. {"timestamp":"2023-03-11T16:19:34.619Z"}
info: Server started at http://localhost:3000/api/v1/ {"timestamp":"2023-03-11T16:20:38.797Z"}
info: Connected to the database. {"timestamp":"2023-03-11T16:20:38.835Z"}
info: Server started at http://localhost:3000/api/v1/ {"timestamp":"2023-03-11T16:23:26.891Z"}
info: Connected to the database. {"timestamp":"2023-03-11T16:23:26.925Z"}
