info: Server started at http://localhost:3000/api/v1/ {"timestamp":"2023-03-04T04:12:01.181Z"}
info: Connected to the database. {"timestamp":"2023-03-04T04:12:01.232Z"}
error: 
    status - 500 
    message - ReferenceError: re is not defined
    at _callee$ (F:\bridgelabz\nodeJSProjects\book-store-backend\book-store\src\controllers\/cart.controller.js:14:61)
    at tryCatch (F:\bridgelabz\nodeJSProjects\book-store-backend\book-store\node_modules\@babel\runtime\helpers\regeneratorRuntime.js:44:17)
    at Generator.<anonymous> (F:\bridgelabz\nodeJSProjects\book-store-backend\book-store\node_modules\@babel\runtime\helpers\regeneratorRuntime.js:125:22)
    at Generator.next (F:\bridgelabz\nodeJSProjects\book-store-backend\book-store\node_modules\@babel\runtime\helpers\regeneratorRuntime.js:69:21)
    at asyncGeneratorStep (F:\bridgelabz\nodeJSProjects\book-store-backend\book-store\node_modules\@babel\runtime\helpers\asyncToGenerator.js:3:24)
    at _next (F:\bridgelabz\nodeJSProjects\book-store-backend\book-store\node_modules\@babel\runtime\helpers\asyncToGenerator.js:22:9)
    at F:\bridgelabz\nodeJSProjects\book-store-backend\book-store\node_modules\@babel\runtime\helpers\asyncToGenerator.js:27:7
    at new Promise (<anonymous>)
    at apply (F:\bridgelabz\nodeJSProjects\book-store-backend\book-store\node_modules\@babel\runtime\helpers\asyncToGenerator.js:19:12)
    at addBook (F:\bridgelabz\nodeJSProjects\book-store-backend\book-store\src\controllers\/cart.controller.js:10:21)
    at Layer.handle [as handle_request] (F:\bridgelabz\nodeJSProjects\book-store-backend\book-store\node_modules\express\lib\router\layer.js:95:5)
    at next (F:\bridgelabz\nodeJSProjects\book-store-backend\book-store\node_modules\express\lib\router\route.js:144:13)
    at _callee$ (F:\bridgelabz\nodeJSProjects\book-store-backend\book-store\src\middlewares\/auth.middleware.js:24:5)
    at tryCatch (F:\bridgelabz\nodeJSProjects\book-store-backend\book-store\node_modules\@babel\runtime\helpers\regeneratorRuntime.js:44:17)
    at Generator.<anonymous> (F:\bridgelabz\nodeJSProjects\book-store-backend\book-store\node_modules\@babel\runtime\helpers\regeneratorRuntime.js:125:22)
    at Generator.next (F:\bridgelabz\nodeJSProjects\book-store-backend\book-store\node_modules\@babel\runtime\helpers\regeneratorRuntime.js:69:21)
    at asyncGeneratorStep (F:\bridgelabz\nodeJSProjects\book-store-backend\book-store\node_modules\@babel\runtime\helpers\asyncToGenerator.js:3:24)
    at _next (F:\bridgelabz\nodeJSProjects\book-store-backend\book-store\node_modules\@babel\runtime\helpers\asyncToGenerator.js:22:9)
    at processTicksAndRejections (node:internal/process/task_queues:95:5) 
    url - /api/v1/carts/add/book/62158a8405253301a4fda5e0 
    method - POST 
    IP - ::1
   {"timestamp":"2023-03-04T04:12:10.581Z"}
info: Server started at http://localhost:3000/api/v1/ {"timestamp":"2023-03-04T04:12:39.662Z"}
info: Connected to the database. {"timestamp":"2023-03-04T04:12:39.716Z"}
info: Server started at http://localhost:3000/api/v1/ {"timestamp":"2023-03-04T04:13:22.025Z"}
info: Connected to the database. {"timestamp":"2023-03-04T04:13:22.069Z"}
info: Server started at http://localhost:3000/api/v1/ {"timestamp":"2023-03-04T04:53:06.398Z"}
info: Connected to the database. {"timestamp":"2023-03-04T04:53:10.025Z"}
error: 
    status - 500 
    message - ValidationError: "firstName" is required 
    url - /api/v1/users/register 
    method - POST 
    IP - ::ffff:127.0.0.1
   {"timestamp":"2023-03-04T04:53:11.657Z"}
error: 
    status - 500 
    message - ValidationError: "firstName" length must be at least 4 characters long 
    url - /api/v1/users/register 
    method - POST 
    IP - ::ffff:127.0.0.1
   {"timestamp":"2023-03-04T04:53:11.702Z"}
error: 
    status - 500 
    message - ValidationError: "lastName" is required 
    url - /api/v1/users/register 
    method - POST 
    IP - ::ffff:127.0.0.1
   {"timestamp":"2023-03-04T04:53:11.744Z"}
error: 
    status - 500 
    message - ValidationError: "lastName" length must be at least 4 characters long 
    url - /api/v1/users/register 
    method - POST 
    IP - ::ffff:127.0.0.1
   {"timestamp":"2023-03-04T04:53:11.804Z"}
error: 
    status - 500 
    message - ValidationError: "email" is required 
    url - /api/v1/users/register 
    method - POST 
    IP - ::ffff:127.0.0.1
   {"timestamp":"2023-03-04T04:53:11.836Z"}
error: 
    status - 500 
    message - ValidationError: "email" must be a valid email 
    url - /api/v1/users/register 
    method - POST 
    IP - ::ffff:127.0.0.1
   {"timestamp":"2023-03-04T04:53:11.868Z"}
error: 
    status - 500 
    message - ValidationError: "password" is required 
    url - /api/v1/users/register 
    method - POST 
    IP - ::ffff:127.0.0.1
   {"timestamp":"2023-03-04T04:53:11.898Z"}
error: 
    status - 500 
    message - ValidationError: "password" length must be at least 6 characters long 
    url - /api/v1/users/register 
    method - POST 
    IP - ::ffff:127.0.0.1
   {"timestamp":"2023-03-04T04:53:11.932Z"}
error: 
    status - 500 
    message - ValidationError: "email" is required 
    url - /api/v1/users/login 
    method - POST 
    IP - ::ffff:127.0.0.1
   {"timestamp":"2023-03-04T04:53:12.450Z"}
error: 
    status - 500 
    message - ValidationError: "email" must be a valid email 
    url - /api/v1/users/login 
    method - POST 
    IP - ::ffff:127.0.0.1
   {"timestamp":"2023-03-04T04:53:12.475Z"}
error: 
    status - 500 
    message - ValidationError: "password" is required 
    url - /api/v1/users/login 
    method - POST 
    IP - ::ffff:127.0.0.1
   {"timestamp":"2023-03-04T04:53:12.502Z"}
error: 
    status - 500 
    message - ValidationError: "password" length must be at least 6 characters long 
    url - /api/v1/users/login 
    method - POST 
    IP - ::ffff:127.0.0.1
   {"timestamp":"2023-03-04T04:53:12.530Z"}
error: 
    status - 500 
    message - JsonWebTokenError: invalid signature
    at F:\bridgelabz\nodeJSProjects\book-store-backend\book-store\node_modules\jsonwebtoken\verify.js:133:19
    at getSecret (F:\bridgelabz\nodeJSProjects\book-store-backend\book-store\node_modules\jsonwebtoken\verify.js:90:14)
    at Object.verify (F:\bridgelabz\nodeJSProjects\book-store-backend\book-store\node_modules\jsonwebtoken\verify.js:94:10)
    at _callee$ (F:\bridgelabz\nodeJSProjects\book-store-backend\book-store\src\middlewares\/auth.middleware.js:22:32)
    at tryCatch (F:\bridgelabz\nodeJSProjects\book-store-backend\book-store\node_modules\@babel\runtime\helpers\regeneratorRuntime.js:44:17)
    at Generator.<anonymous> (F:\bridgelabz\nodeJSProjects\book-store-backend\book-store\node_modules\@babel\runtime\helpers\regeneratorRuntime.js:125:22)
    at Generator.next (F:\bridgelabz\nodeJSProjects\book-store-backend\book-store\node_modules\@babel\runtime\helpers\regeneratorRuntime.js:69:21)
    at asyncGeneratorStep (F:\bridgelabz\nodeJSProjects\book-store-backend\book-store\node_modules\@babel\runtime\helpers\asyncToGenerator.js:3:24)
    at _next (F:\bridgelabz\nodeJSProjects\book-store-backend\book-store\node_modules\@babel\runtime\helpers\asyncToGenerator.js:22:9)
    at F:\bridgelabz\nodeJSProjects\book-store-backend\book-store\node_modules\@babel\runtime\helpers\asyncToGenerator.js:27:7
    at new Promise (<anonymous>)
    at apply (F:\bridgelabz\nodeJSProjects\book-store-backend\book-store\node_modules\@babel\runtime\helpers\asyncToGenerator.js:19:12)
    at userAuth (F:\bridgelabz\nodeJSProjects\book-store-backend\book-store\src\middlewares\/auth.middleware.js:12:22)
    at Layer.handle [as handle_request] (F:\bridgelabz\nodeJSProjects\book-store-backend\book-store\node_modules\express\lib\router\layer.js:95:5)
    at next (F:\bridgelabz\nodeJSProjects\book-store-backend\book-store\node_modules\express\lib\router\route.js:144:13)
    at Route.dispatch (F:\bridgelabz\nodeJSProjects\book-store-backend\book-store\node_modules\express\lib\router\route.js:114:3)
    at Layer.handle [as handle_request] (F:\bridgelabz\nodeJSProjects\book-store-backend\book-store\node_modules\express\lib\router\layer.js:95:5)
    at F:\bridgelabz\nodeJSProjects\book-store-backend\book-store\node_modules\express\lib\router\index.js:284:15
    at Function.process_params (F:\bridgelabz\nodeJSProjects\book-store-backend\book-store\node_modules\express\lib\router\index.js:346:12)
    at next (F:\bridgelabz\nodeJSProjects\book-store-backend\book-store\node_modules\express\lib\router\index.js:280:10)
    at Function.handle (F:\bridgelabz\nodeJSProjects\book-store-backend\book-store\node_modules\express\lib\router\index.js:175:3)
    at router (F:\bridgelabz\nodeJSProjects\book-store-backend\book-store\node_modules\express\lib\router\index.js:47:12)
    at Layer.handle [as handle_request] (F:\bridgelabz\nodeJSProjects\book-store-backend\book-store\node_modules\express\lib\router\layer.js:95:5)
    at trim_prefix (F:\bridgelabz\nodeJSProjects\book-store-backend\book-store\node_modules\express\lib\router\index.js:328:13)
    at F:\bridgelabz\nodeJSProjects\book-store-backend\book-store\node_modules\express\lib\router\index.js:286:9
    at Function.process_params (F:\bridgelabz\nodeJSProjects\book-store-backend\book-store\node_modules\express\lib\router\index.js:346:12)
    at next (F:\bridgelabz\nodeJSProjects\book-store-backend\book-store\node_modules\express\lib\router\index.js:280:10)
    at Function.handle (F:\bridgelabz\nodeJSProjects\book-store-backend\book-store\node_modules\express\lib\router\index.js:175:3)
    at router (F:\bridgelabz\nodeJSProjects\book-store-backend\book-store\node_modules\express\lib\router\index.js:47:12)
    at Layer.handle [as handle_request] (F:\bridgelabz\nodeJSProjects\book-store-backend\book-store\node_modules\express\lib\router\layer.js:95:5)
    at trim_prefix (F:\bridgelabz\nodeJSProjects\book-store-backend\book-store\node_modules\express\lib\router\index.js:328:13)
    at F:\bridgelabz\nodeJSProjects\book-store-backend\book-store\node_modules\express\lib\router\index.js:286:9
    at Function.process_params (F:\bridgelabz\nodeJSProjects\book-store-backend\book-store\node_modules\express\lib\router\index.js:346:12)
    at next (F:\bridgelabz\nodeJSProjects\book-store-backend\book-store\node_modules\express\lib\router\index.js:280:10)
    at logger (F:\bridgelabz\nodeJSProjects\book-store-backend\book-store\node_modules\morgan\index.js:144:5)
    at Layer.handle [as handle_request] (F:\bridgelabz\nodeJSProjects\book-store-backend\book-store\node_modules\express\lib\router\layer.js:95:5)
    at trim_prefix (F:\bridgelabz\nodeJSProjects\book-store-backend\book-store\node_modules\express\lib\router\index.js:328:13)
    at F:\bridgelabz\nodeJSProjects\book-store-backend\book-store\node_modules\express\lib\router\index.js:286:9
    at Function.process_params (F:\bridgelabz\nodeJSProjects\book-store-backend\book-store\node_modules\express\lib\router\index.js:346:12)
    at next (F:\bridgelabz\nodeJSProjects\book-store-backend\book-store\node_modules\express\lib\router\index.js:280:10)
    at jsonParser (F:\bridgelabz\nodeJSProjects\book-store-backend\book-store\node_modules\body-parser\lib\types\json.js:110:7)
    at Layer.handle [as handle_request] (F:\bridgelabz\nodeJSProjects\book-store-backend\book-store\node_modules\express\lib\router\layer.js:95:5)
    at trim_prefix (F:\bridgelabz\nodeJSProjects\book-store-backend\book-store\node_modules\express\lib\router\index.js:328:13)
    at F:\bridgelabz\nodeJSProjects\book-store-backend\book-store\node_modules\express\lib\router\index.js:286:9
    at Function.process_params (F:\bridgelabz\nodeJSProjects\book-store-backend\book-store\node_modules\express\lib\router\index.js:346:12)
    at next (F:\bridgelabz\nodeJSProjects\book-store-backend\book-store\node_modules\express\lib\router\index.js:280:10)
    at urlencodedParser (F:\bridgelabz\nodeJSProjects\book-store-backend\book-store\node_modules\body-parser\lib\types\urlencoded.js:91:7)
    at Layer.handle [as handle_request] (F:\bridgelabz\nodeJSProjects\book-store-backend\book-store\node_modules\express\lib\router\layer.js:95:5)
    at trim_prefix (F:\bridgelabz\nodeJSProjects\book-store-backend\book-store\node_modules\express\lib\router\index.js:328:13)
    at F:\bridgelabz\nodeJSProjects\book-store-backend\book-store\node_modules\express\lib\router\index.js:286:9
    at Function.process_params (F:\bridgelabz\nodeJSProjects\book-store-backend\book-store\node_modules\express\lib\router\index.js:346:12)
    at next (F:\bridgelabz\nodeJSProjects\book-store-backend\book-store\node_modules\express\lib\router\index.js:280:10)
    at internalNext (F:\bridgelabz\nodeJSProjects\book-store-backend\book-store\node_modules\helmet\dist\index.js:142:6)
    at xXssProtectionMiddleware (F:\bridgelabz\nodeJSProjects\book-store-backend\book-store\node_modules\helmet\dist\middlewares\x-xss-protection\index.js:6:3)
    at internalNext (F:\bridgelabz\nodeJSProjects\book-store-backend\book-store\node_modules\helmet\dist\index.js:145:6)
    at referrerPolicyMiddleware (F:\bridgelabz\nodeJSProjects\book-store-backend\book-store\node_modules\helmet\dist\middlewares\referrer-policy\index.js:24:3)
    at internalNext (F:\bridgelabz\nodeJSProjects\book-store-backend\book-store\node_modules\helmet\dist\index.js:145:6)
    at xPermittedCrossDomainPoliciesMiddleware (F:\bridgelabz\nodeJSProjects\book-store-backend\book-store\node_modules\helmet\dist\middlewares\x-permitted-cross-domain-policies\index.js:15:3)
    at internalNext (F:\bridgelabz\nodeJSProjects\book-store-backend\book-store\node_modules\helmet\dist\index.js:145:6)
    at xContentTypeOptionsMiddleware (F:\bridgelabz\nodeJSProjects\book-store-backend\book-store\node_modules\helmet\dist\middlewares\x-content-type-options\index.js:6:3)
    at internalNext (F:\bridgelabz\nodeJSProjects\book-store-backend\book-store\node_modules\helmet\dist\index.js:145:6)
    at xDownloadOptionsMiddleware (F:\bridgelabz\nodeJSProjects\book-store-backend\book-store\node_modules\helmet\dist\middlewares\x-download-options\index.js:6:3)
    at internalNext (F:\bridgelabz\nodeJSProjects\book-store-backend\book-store\node_modules\helmet\dist\index.js:145:6)
    at strictTransportSecurityMiddleware (F:\bridgelabz\nodeJSProjects\book-store-backend\book-store\node_modules\helmet\dist\middlewares\strict-transport-security\index.js:34:3)
    at internalNext (F:\bridgelabz\nodeJSProjects\book-store-backend\book-store\node_modules\helmet\dist\index.js:145:6)
    at xPoweredByMiddleware (F:\bridgelabz\nodeJSProjects\book-store-backend\book-store\node_modules\helmet\dist\middlewares\x-powered-by\index.js:6:3)
    at internalNext (F:\bridgelabz\nodeJSProjects\book-store-backend\book-store\node_modules\helmet\dist\index.js:145:6)
    at xFrameOptionsMiddleware (F:\bridgelabz\nodeJSProjects\book-store-backend\book-store\node_modules\helmet\dist\middlewares\x-frame-options\index.js:21:3)
    at internalNext (F:\bridgelabz\nodeJSProjects\book-store-backend\book-store\node_modules\helmet\dist\index.js:145:6)
    at expectCtMiddleware (F:\bridgelabz\nodeJSProjects\book-store-backend\book-store\node_modules\helmet\dist\middlewares\expect-ct\index.js:24:3)
    at internalNext (F:\bridgelabz\nodeJSProjects\book-store-backend\book-store\node_modules\helmet\dist\index.js:145:6)
    at xDnsPrefetchControlMiddleware (F:\bridgelabz\nodeJSProjects\book-store-backend\book-store\node_modules\helmet\dist\middlewares\x-dns-prefetch-control\index.js:7:3)
    at internalNext (F:\bridgelabz\nodeJSProjects\book-store-backend\book-store\node_modules\helmet\dist\index.js:145:6)
    at contentSecurityPolicyMiddleware (F:\bridgelabz\nodeJSProjects\book-store-backend\book-store\node_modules\helmet\dist\middlewares\content-security-policy\index.js:124:4)
    at internalNext (F:\bridgelabz\nodeJSProjects\book-store-backend\book-store\node_modules\helmet\dist\index.js:145:6)
    at helmetMiddleware (F:\bridgelabz\nodeJSProjects\book-store-backend\book-store\node_modules\helmet\dist\index.js:147:6)
    at Layer.handle [as handle_request] (F:\bridgelabz\nodeJSProjects\book-store-backend\book-store\node_modules\express\lib\router\layer.js:95:5)
    at trim_prefix (F:\bridgelabz\nodeJSProjects\book-store-backend\book-store\node_modules\express\lib\router\index.js:328:13)
    at F:\bridgelabz\nodeJSProjects\book-store-backend\book-store\node_modules\express\lib\router\index.js:286:9
    at Function.process_params (F:\bridgelabz\nodeJSProjects\book-store-backend\book-store\node_modules\express\lib\router\index.js:346:12)
    at next (F:\bridgelabz\nodeJSProjects\book-store-backend\book-store\node_modules\express\lib\router\index.js:280:10)
    at cors (F:\bridgelabz\nodeJSProjects\book-store-backend\book-store\node_modules\cors\lib\index.js:188:7)
    at F:\bridgelabz\nodeJSProjects\book-store-backend\book-store\node_modules\cors\lib\index.js:224:17
    at originCallback (F:\bridgelabz\nodeJSProjects\book-store-backend\book-store\node_modules\cors\lib\index.js:214:15)
    at F:\bridgelabz\nodeJSProjects\book-store-backend\book-store\node_modules\cors\lib\index.js:219:13
    at optionsCallback (F:\bridgelabz\nodeJSProjects\book-store-backend\book-store\node_modules\cors\lib\index.js:199:9)
    at corsMiddleware (F:\bridgelabz\nodeJSProjects\book-store-backend\book-store\node_modules\cors\lib\index.js:204:7)
    at Layer.handle [as handle_request] (F:\bridgelabz\nodeJSProjects\book-store-backend\book-store\node_modules\express\lib\router\layer.js:95:5)
    at trim_prefix (F:\bridgelabz\nodeJSProjects\book-store-backend\book-store\node_modules\express\lib\router\index.js:328:13)
    at F:\bridgelabz\nodeJSProjects\book-store-backend\book-store\node_modules\express\lib\router\index.js:286:9
    at Function.process_params (F:\bridgelabz\nodeJSProjects\book-store-backend\book-store\node_modules\express\lib\router\index.js:346:12)
    at next (F:\bridgelabz\nodeJSProjects\book-store-backend\book-store\node_modules\express\lib\router\index.js:280:10)
    at expressInit (F:\bridgelabz\nodeJSProjects\book-store-backend\book-store\node_modules\express\lib\middleware\init.js:40:5)
    at Layer.handle [as handle_request] (F:\bridgelabz\nodeJSProjects\book-store-backend\book-store\node_modules\express\lib\router\layer.js:95:5)
    at trim_prefix (F:\bridgelabz\nodeJSProjects\book-store-backend\book-store\node_modules\express\lib\router\index.js:328:13)
    at F:\bridgelabz\nodeJSProjects\book-store-backend\book-store\node_modules\express\lib\router\index.js:286:9
    at Function.process_params (F:\bridgelabz\nodeJSProjects\book-store-backend\book-store\node_modules\express\lib\router\index.js:346:12)
    at next (F:\bridgelabz\nodeJSProjects\book-store-backend\book-store\node_modules\express\lib\router\index.js:280:10)
    at query (F:\bridgelabz\nodeJSProjects\book-store-backend\book-store\node_modules\express\lib\middleware\query.js:45:5)
    at Layer.handle [as handle_request] (F:\bridgelabz\nodeJSProjects\book-store-backend\book-store\node_modules\express\lib\router\layer.js:95:5)
    at trim_prefix (F:\bridgelabz\nodeJSProjects\book-store-backend\book-store\node_modules\express\lib\router\index.js:328:13)
    at F:\bridgelabz\nodeJSProjects\book-store-backend\book-store\node_modules\express\lib\router\index.js:286:9
    at Function.process_params (F:\bridgelabz\nodeJSProjects\book-store-backend\book-store\node_modules\express\lib\router\index.js:346:12)
    at next (F:\bridgelabz\nodeJSProjects\book-store-backend\book-store\node_modules\express\lib\router\index.js:280:10)
    at Function.handle (F:\bridgelabz\nodeJSProjects\book-store-backend\book-store\node_modules\express\lib\router\index.js:175:3)
    at Function.handle (F:\bridgelabz\nodeJSProjects\book-store-backend\book-store\node_modules\express\lib\application.js:181:10)
    at Server.app (F:\bridgelabz\nodeJSProjects\book-store-backend\book-store\node_modules\express\lib\express.js:39:9)
    at Server.emit (node:events:513:28)
    at parserOnIncoming (node:_http_server:1072:12)
    at HTTPParser.parserOnHeadersComplete (node:_http_common:119:17) 
    url - /api/v1/books 
    method - GET 
    IP - ::ffff:127.0.0.1
   {"timestamp":"2023-03-04T04:53:13.704Z"}
