info: Server started at http://localhost:3000/api/v1/ {"timestamp":"2023-03-03T07:00:07.671Z"}
info: Connected to the database. {"timestamp":"2023-03-03T07:00:07.750Z"}
info: Server started at http://localhost:3000/api/v1/ {"timestamp":"2023-03-03T07:04:55.704Z"}
info: Connected to the database. {"timestamp":"2023-03-03T07:04:55.744Z"}
info: Server started at http://localhost:3000/api/v1/ {"timestamp":"2023-03-03T07:10:04.097Z"}
info: Connected to the database. {"timestamp":"2023-03-03T07:10:04.132Z"}
info: Server started at http://localhost:3000/api/v1/ {"timestamp":"2023-03-03T07:10:43.771Z"}
info: Connected to the database. {"timestamp":"2023-03-03T07:10:43.814Z"}
info: Server started at http://localhost:3000/api/v1/ {"timestamp":"2023-03-03T07:11:49.373Z"}
info: Connected to the database. {"timestamp":"2023-03-03T07:11:49.407Z"}
info: Server started at http://localhost:3000/api/v1/ {"timestamp":"2023-03-03T07:17:58.575Z"}
info: Connected to the database. {"timestamp":"2023-03-03T07:17:58.606Z"}
info: Server started at http://localhost:3000/api/v1/ {"timestamp":"2023-03-03T07:21:33.880Z"}
info: Connected to the database. {"timestamp":"2023-03-03T07:21:33.917Z"}
info: Server started at http://localhost:3000/api/v1/ {"timestamp":"2023-03-03T07:24:37.239Z"}
info: Connected to the database. {"timestamp":"2023-03-03T07:24:37.290Z"}
info: Server started at http://localhost:3000/api/v1/ {"timestamp":"2023-03-03T07:26:23.608Z"}
info: Connected to the database. {"timestamp":"2023-03-03T07:26:23.649Z"}
info: Server started at http://localhost:3000/api/v1/ {"timestamp":"2023-03-03T07:27:21.209Z"}
info: Connected to the database. {"timestamp":"2023-03-03T07:27:21.253Z"}
info: Server started at http://localhost:3000/api/v1/ {"timestamp":"2023-03-03T07:32:51.255Z"}
info: Connected to the database. {"timestamp":"2023-03-03T07:32:51.289Z"}
info: Server started at http://localhost:3000/api/v1/ {"timestamp":"2023-03-03T07:36:01.416Z"}
info: Connected to the database. {"timestamp":"2023-03-03T07:36:01.452Z"}
error: 
    status - 500 
    message - ReferenceError: HttpStatus is not defined
    at _callee2$ (F:\bridgelabz\nodeJSProjects\book-store-backend\book-store\src\services\/user.service.js:24:28)
    at tryCatch (F:\bridgelabz\nodeJSProjects\book-store-backend\book-store\node_modules\@babel\runtime\helpers\regeneratorRuntime.js:44:17)
    at Generator.<anonymous> (F:\bridgelabz\nodeJSProjects\book-store-backend\book-store\node_modules\@babel\runtime\helpers\regeneratorRuntime.js:125:22)
    at Generator.next (F:\bridgelabz\nodeJSProjects\book-store-backend\book-store\node_modules\@babel\runtime\helpers\regeneratorRuntime.js:69:21)
    at asyncGeneratorStep (F:\bridgelabz\nodeJSProjects\book-store-backend\book-store\node_modules\@babel\runtime\helpers\asyncToGenerator.js:3:24)
    at _next (F:\bridgelabz\nodeJSProjects\book-store-backend\book-store\node_modules\@babel\runtime\helpers\asyncToGenerator.js:22:9) 
    url - /api/v1/users/login 
    method - POST 
    IP - ::1
   {"timestamp":"2023-03-03T07:36:10.045Z"}
info: Server started at http://localhost:3000/api/v1/ {"timestamp":"2023-03-03T07:36:57.953Z"}
info: Connected to the database. {"timestamp":"2023-03-03T07:36:57.987Z"}
info: Server started at http://localhost:3000/api/v1/ {"timestamp":"2023-03-03T07:40:35.886Z"}
info: Connected to the database. {"timestamp":"2023-03-03T07:40:35.917Z"}
info: Server started at http://localhost:3000/api/v1/ {"timestamp":"2023-03-03T07:41:46.297Z"}
info: Connected to the database. {"timestamp":"2023-03-03T07:41:46.328Z"}
info: Server started at http://localhost:3000/api/v1/ {"timestamp":"2023-03-03T07:42:40.606Z"}
info: Connected to the database. {"timestamp":"2023-03-03T07:42:40.636Z"}
info: Server started at http://localhost:3000/api/v1/ {"timestamp":"2023-03-03T07:49:20.498Z"}
info: Connected to the database. {"timestamp":"2023-03-03T07:49:20.542Z"}
info: Server started at http://localhost:3000/api/v1/ {"timestamp":"2023-03-03T07:50:47.739Z"}
info: Connected to the database. {"timestamp":"2023-03-03T07:50:47.772Z"}
info: Server started at http://localhost:3000/api/v1/ {"timestamp":"2023-03-03T07:51:30.054Z"}
info: Connected to the database. {"timestamp":"2023-03-03T07:51:33.613Z"}
error: 
    status - 500 
    message - ValidationError: "firstName" is required 
    url - /api/v1/users/register 
    method - POST 
    IP - ::ffff:127.0.0.1
   {"timestamp":"2023-03-03T07:51:35.206Z"}
error: 
    status - 500 
    message - ValidationError: "firstName" length must be at least 4 characters long 
    url - /api/v1/users/register 
    method - POST 
    IP - ::ffff:127.0.0.1
   {"timestamp":"2023-03-03T07:51:35.227Z"}
error: 
    status - 500 
    message - ValidationError: "lastName" is required 
    url - /api/v1/users/register 
    method - POST 
    IP - ::ffff:127.0.0.1
   {"timestamp":"2023-03-03T07:51:35.246Z"}
error: 
    status - 500 
    message - ValidationError: "lastName" length must be at least 4 characters long 
    url - /api/v1/users/register 
    method - POST 
    IP - ::ffff:127.0.0.1
   {"timestamp":"2023-03-03T07:51:35.274Z"}
error: 
    status - 500 
    message - ValidationError: "email" is required 
    url - /api/v1/users/register 
    method - POST 
    IP - ::ffff:127.0.0.1
   {"timestamp":"2023-03-03T07:51:35.291Z"}
error: 
    status - 500 
    message - ValidationError: "email" must be a valid email 
    url - /api/v1/users/register 
    method - POST 
    IP - ::ffff:127.0.0.1
   {"timestamp":"2023-03-03T07:51:35.306Z"}
error: 
    status - 500 
    message - ValidationError: "password" is required 
    url - /api/v1/users/register 
    method - POST 
    IP - ::ffff:127.0.0.1
   {"timestamp":"2023-03-03T07:51:35.323Z"}
error: 
    status - 500 
    message - ValidationError: "password" length must be at least 6 characters long 
    url - /api/v1/users/register 
    method - POST 
    IP - ::ffff:127.0.0.1
   {"timestamp":"2023-03-03T07:51:35.342Z"}
error: 
    status - 500 
    message - ValidationError: "email" is required 
    url - /api/v1/users/login 
    method - POST 
    IP - ::ffff:127.0.0.1
   {"timestamp":"2023-03-03T07:51:35.822Z"}
error: 
    status - 500 
    message - ValidationError: "email" must be a valid email 
    url - /api/v1/users/login 
    method - POST 
    IP - ::ffff:127.0.0.1
   {"timestamp":"2023-03-03T07:51:35.836Z"}
error: 
    status - 500 
    message - ValidationError: "password" is required 
    url - /api/v1/users/login 
    method - POST 
    IP - ::ffff:127.0.0.1
   {"timestamp":"2023-03-03T07:51:35.854Z"}
error: 
    status - 500 
    message - ValidationError: "password" length must be at least 6 characters long 
    url - /api/v1/users/login 
    method - POST 
    IP - ::ffff:127.0.0.1
   {"timestamp":"2023-03-03T07:51:35.871Z"}
info: Server started at http://localhost:3000/api/v1/ {"timestamp":"2023-03-03T07:51:57.384Z"}
info: Connected to the database. {"timestamp":"2023-03-03T07:52:00.757Z"}
error: 
    status - 500 
    message - ValidationError: "firstName" is required 
    url - /api/v1/users/register 
    method - POST 
    IP - ::ffff:127.0.0.1
   {"timestamp":"2023-03-03T07:52:02.312Z"}
error: 
    status - 500 
    message - ValidationError: "firstName" length must be at least 4 characters long 
    url - /api/v1/users/register 
    method - POST 
    IP - ::ffff:127.0.0.1
   {"timestamp":"2023-03-03T07:52:02.405Z"}
error: 
    status - 500 
    message - ValidationError: "lastName" is required 
    url - /api/v1/users/register 
    method - POST 
    IP - ::ffff:127.0.0.1
   {"timestamp":"2023-03-03T07:52:02.432Z"}
error: 
    status - 500 
    message - ValidationError: "lastName" length must be at least 4 characters long 
    url - /api/v1/users/register 
    method - POST 
    IP - ::ffff:127.0.0.1
   {"timestamp":"2023-03-03T07:52:02.453Z"}
error: 
    status - 500 
    message - ValidationError: "email" is required 
    url - /api/v1/users/register 
    method - POST 
    IP - ::ffff:127.0.0.1
   {"timestamp":"2023-03-03T07:52:02.473Z"}
error: 
    status - 500 
    message - ValidationError: "email" must be a valid email 
    url - /api/v1/users/register 
    method - POST 
    IP - ::ffff:127.0.0.1
   {"timestamp":"2023-03-03T07:52:02.493Z"}
error: 
    status - 500 
    message - ValidationError: "password" is required 
    url - /api/v1/users/register 
    method - POST 
    IP - ::ffff:127.0.0.1
   {"timestamp":"2023-03-03T07:52:02.515Z"}
error: 
    status - 500 
    message - ValidationError: "password" length must be at least 6 characters long 
    url - /api/v1/users/register 
    method - POST 
    IP - ::ffff:127.0.0.1
   {"timestamp":"2023-03-03T07:52:02.534Z"}
error: 
    status - 500 
    message - ValidationError: "email" is required 
    url - /api/v1/users/login 
    method - POST 
    IP - ::ffff:127.0.0.1
   {"timestamp":"2023-03-03T07:52:03.047Z"}
error: 
    status - 500 
    message - ValidationError: "email" must be a valid email 
    url - /api/v1/users/login 
    method - POST 
    IP - ::ffff:127.0.0.1
   {"timestamp":"2023-03-03T07:52:03.061Z"}
error: 
    status - 500 
    message - ValidationError: "password" is required 
    url - /api/v1/users/login 
    method - POST 
    IP - ::ffff:127.0.0.1
   {"timestamp":"2023-03-03T07:52:03.075Z"}
error: 
    status - 500 
    message - ValidationError: "password" length must be at least 6 characters long 
    url - /api/v1/users/login 
    method - POST 
    IP - ::ffff:127.0.0.1
   {"timestamp":"2023-03-03T07:52:03.091Z"}
info: Server started at http://localhost:3000/api/v1/ {"timestamp":"2023-03-03T08:17:45.232Z"}
info: Connected to the database. {"timestamp":"2023-03-03T08:17:45.333Z"}
info: Server started at http://localhost:3000/api/v1/ {"timestamp":"2023-03-03T08:58:12.125Z"}
info: Connected to the database. {"timestamp":"2023-03-03T08:58:12.160Z"}
info: Server started at http://localhost:3000/api/v1/ {"timestamp":"2023-03-03T09:12:16.336Z"}
info: Connected to the database. {"timestamp":"2023-03-03T09:12:20.126Z"}
error: 
    status - 500 
    message - ValidationError: "firstName" is required 
    url - /api/v1/users/register 
    method - POST 
    IP - ::ffff:127.0.0.1
   {"timestamp":"2023-03-03T09:12:21.425Z"}
error: 
    status - 500 
    message - ValidationError: "firstName" length must be at least 4 characters long 
    url - /api/v1/users/register 
    method - POST 
    IP - ::ffff:127.0.0.1
   {"timestamp":"2023-03-03T09:12:21.461Z"}
error: 
    status - 500 
    message - ValidationError: "lastName" is required 
    url - /api/v1/users/register 
    method - POST 
    IP - ::ffff:127.0.0.1
   {"timestamp":"2023-03-03T09:12:21.489Z"}
error: 
    status - 500 
    message - ValidationError: "lastName" length must be at least 4 characters long 
    url - /api/v1/users/register 
    method - POST 
    IP - ::ffff:127.0.0.1
   {"timestamp":"2023-03-03T09:12:21.515Z"}
error: 
    status - 500 
    message - ValidationError: "email" is required 
    url - /api/v1/users/register 
    method - POST 
    IP - ::ffff:127.0.0.1
   {"timestamp":"2023-03-03T09:12:21.535Z"}
error: 
    status - 500 
    message - ValidationError: "email" must be a valid email 
    url - /api/v1/users/register 
    method - POST 
    IP - ::ffff:127.0.0.1
   {"timestamp":"2023-03-03T09:12:21.554Z"}
error: 
    status - 500 
    message - ValidationError: "password" is required 
    url - /api/v1/users/register 
    method - POST 
    IP - ::ffff:127.0.0.1
   {"timestamp":"2023-03-03T09:12:21.586Z"}
error: 
    status - 500 
    message - ValidationError: "password" length must be at least 6 characters long 
    url - /api/v1/users/register 
    method - POST 
    IP - ::ffff:127.0.0.1
   {"timestamp":"2023-03-03T09:12:21.603Z"}
error: 
    status - 500 
    message - ValidationError: "email" is required 
    url - /api/v1/users/login 
    method - POST 
    IP - ::ffff:127.0.0.1
   {"timestamp":"2023-03-03T09:12:22.104Z"}
error: 
    status - 500 
    message - ValidationError: "email" must be a valid email 
    url - /api/v1/users/login 
    method - POST 
    IP - ::ffff:127.0.0.1
   {"timestamp":"2023-03-03T09:12:22.121Z"}
error: 
    status - 500 
    message - ValidationError: "password" is required 
    url - /api/v1/users/login 
    method - POST 
    IP - ::ffff:127.0.0.1
   {"timestamp":"2023-03-03T09:12:22.138Z"}
error: 
    status - 500 
    message - ValidationError: "password" length must be at least 6 characters long 
    url - /api/v1/users/login 
    method - POST 
    IP - ::ffff:127.0.0.1
   {"timestamp":"2023-03-03T09:12:22.157Z"}
error: 
    status - 500 
    message - JsonWebTokenError: invalid signature
    at F:\bridgelabz\nodeJSProjects\book-store-backend\book-store\node_modules\jsonwebtoken\verify.js:133:19
    at getSecret (F:\bridgelabz\nodeJSProjects\book-store-backend\book-store\node_modules\jsonwebtoken\verify.js:90:14)
    at Object.verify (F:\bridgelabz\nodeJSProjects\book-store-backend\book-store\node_modules\jsonwebtoken\verify.js:94:10)
    at _callee$ (F:\bridgelabz\nodeJSProjects\book-store-backend\book-store\src\middlewares\/auth.middleware.js:22:32)
    at tryCatch (F:\bridgelabz\nodeJSProjects\book-store-backend\book-store\node_modules\@babel\runtime\helpers\regeneratorRuntime.js:44:17)
    at Generator.<anonymous> (F:\bridgelabz\nodeJSProjects\book-store-backend\book-store\node_modules\@babel\runtime\helpers\regeneratorRuntime.js:125:22)
    at Generator.next (F:\bridgelabz\nodeJSProjects\book-store-backend\book-store\node_modules\@babel\runtime\helpers\regeneratorRuntime.js:69:21)
    at asyncGeneratorStep (F:\bridgelabz\nodeJSProjects\book-store-backend\book-store\node_modules\@babel\runtime\helpers\asyncToGenerator.js:3:24)
    at _next (F:\bridgelabz\nodeJSProjects\book-store-backend\book-store\node_modules\@babel\runtime\helpers\asyncToGenerator.js:22:9)
    at F:\bridgelabz\nodeJSProjects\book-store-backend\book-store\node_modules\@babel\runtime\helpers\asyncToGenerator.js:27:7
    at new Promise (<anonymous>)
    at apply (F:\bridgelabz\nodeJSProjects\book-store-backend\book-store\node_modules\@babel\runtime\helpers\asyncToGenerator.js:19:12)
    at userAuth (F:\bridgelabz\nodeJSProjects\book-store-backend\book-store\src\middlewares\/auth.middleware.js:12:22)
    at Layer.handle [as handle_request] (F:\bridgelabz\nodeJSProjects\book-store-backend\book-store\node_modules\express\lib\router\layer.js:95:5)
    at next (F:\bridgelabz\nodeJSProjects\book-store-backend\book-store\node_modules\express\lib\router\route.js:144:13)
    at Route.dispatch (F:\bridgelabz\nodeJSProjects\book-store-backend\book-store\node_modules\express\lib\router\route.js:114:3)
    at Layer.handle [as handle_request] (F:\bridgelabz\nodeJSProjects\book-store-backend\book-store\node_modules\express\lib\router\layer.js:95:5)
    at F:\bridgelabz\nodeJSProjects\book-store-backend\book-store\node_modules\express\lib\router\index.js:284:15
    at Function.process_params (F:\bridgelabz\nodeJSProjects\book-store-backend\book-store\node_modules\express\lib\router\index.js:346:12)
    at next (F:\bridgelabz\nodeJSProjects\book-store-backend\book-store\node_modules\express\lib\router\index.js:280:10)
    at Function.handle (F:\bridgelabz\nodeJSProjects\book-store-backend\book-store\node_modules\express\lib\router\index.js:175:3)
    at router (F:\bridgelabz\nodeJSProjects\book-store-backend\book-store\node_modules\express\lib\router\index.js:47:12)
    at Layer.handle [as handle_request] (F:\bridgelabz\nodeJSProjects\book-store-backend\book-store\node_modules\express\lib\router\layer.js:95:5)
    at trim_prefix (F:\bridgelabz\nodeJSProjects\book-store-backend\book-store\node_modules\express\lib\router\index.js:328:13)
    at F:\bridgelabz\nodeJSProjects\book-store-backend\book-store\node_modules\express\lib\router\index.js:286:9
    at Function.process_params (F:\bridgelabz\nodeJSProjects\book-store-backend\book-store\node_modules\express\lib\router\index.js:346:12)
    at next (F:\bridgelabz\nodeJSProjects\book-store-backend\book-store\node_modules\express\lib\router\index.js:280:10)
    at Function.handle (F:\bridgelabz\nodeJSProjects\book-store-backend\book-store\node_modules\express\lib\router\index.js:175:3)
    at router (F:\bridgelabz\nodeJSProjects\book-store-backend\book-store\node_modules\express\lib\router\index.js:47:12)
    at Layer.handle [as handle_request] (F:\bridgelabz\nodeJSProjects\book-store-backend\book-store\node_modules\express\lib\router\layer.js:95:5)
    at trim_prefix (F:\bridgelabz\nodeJSProjects\book-store-backend\book-store\node_modules\express\lib\router\index.js:328:13)
    at F:\bridgelabz\nodeJSProjects\book-store-backend\book-store\node_modules\express\lib\router\index.js:286:9
    at Function.process_params (F:\bridgelabz\nodeJSProjects\book-store-backend\book-store\node_modules\express\lib\router\index.js:346:12)
    at next (F:\bridgelabz\nodeJSProjects\book-store-backend\book-store\node_modules\express\lib\router\index.js:280:10)
    at logger (F:\bridgelabz\nodeJSProjects\book-store-backend\book-store\node_modules\morgan\index.js:144:5)
    at Layer.handle [as handle_request] (F:\bridgelabz\nodeJSProjects\book-store-backend\book-store\node_modules\express\lib\router\layer.js:95:5)
    at trim_prefix (F:\bridgelabz\nodeJSProjects\book-store-backend\book-store\node_modules\express\lib\router\index.js:328:13)
    at F:\bridgelabz\nodeJSProjects\book-store-backend\book-store\node_modules\express\lib\router\index.js:286:9
    at Function.process_params (F:\bridgelabz\nodeJSProjects\book-store-backend\book-store\node_modules\express\lib\router\index.js:346:12)
    at next (F:\bridgelabz\nodeJSProjects\book-store-backend\book-store\node_modules\express\lib\router\index.js:280:10)
    at jsonParser (F:\bridgelabz\nodeJSProjects\book-store-backend\book-store\node_modules\body-parser\lib\types\json.js:110:7)
    at Layer.handle [as handle_request] (F:\bridgelabz\nodeJSProjects\book-store-backend\book-store\node_modules\express\lib\router\layer.js:95:5)
    at trim_prefix (F:\bridgelabz\nodeJSProjects\book-store-backend\book-store\node_modules\express\lib\router\index.js:328:13)
    at F:\bridgelabz\nodeJSProjects\book-store-backend\book-store\node_modules\express\lib\router\index.js:286:9
    at Function.process_params (F:\bridgelabz\nodeJSProjects\book-store-backend\book-store\node_modules\express\lib\router\index.js:346:12)
    at next (F:\bridgelabz\nodeJSProjects\book-store-backend\book-store\node_modules\express\lib\router\index.js:280:10)
    at urlencodedParser (F:\bridgelabz\nodeJSProjects\book-store-backend\book-store\node_modules\body-parser\lib\types\urlencoded.js:91:7)
    at Layer.handle [as handle_request] (F:\bridgelabz\nodeJSProjects\book-store-backend\book-store\node_modules\express\lib\router\layer.js:95:5)
    at trim_prefix (F:\bridgelabz\nodeJSProjects\book-store-backend\book-store\node_modules\express\lib\router\index.js:328:13)
    at F:\bridgelabz\nodeJSProjects\book-store-backend\book-store\node_modules\express\lib\router\index.js:286:9
    at Function.process_params (F:\bridgelabz\nodeJSProjects\book-store-backend\book-store\node_modules\express\lib\router\index.js:346:12)
    at next (F:\bridgelabz\nodeJSProjects\book-store-backend\book-store\node_modules\express\lib\router\index.js:280:10)
    at internalNext (F:\bridgelabz\nodeJSProjects\book-store-backend\book-store\node_modules\helmet\dist\index.js:142:6)
    at xXssProtectionMiddleware (F:\bridgelabz\nodeJSProjects\book-store-backend\book-store\node_modules\helmet\dist\middlewares\x-xss-protection\index.js:6:3)
    at internalNext (F:\bridgelabz\nodeJSProjects\book-store-backend\book-store\node_modules\helmet\dist\index.js:145:6)
    at referrerPolicyMiddleware (F:\bridgelabz\nodeJSProjects\book-store-backend\book-store\node_modules\helmet\dist\middlewares\referrer-policy\index.js:24:3)
    at internalNext (F:\bridgelabz\nodeJSProjects\book-store-backend\book-store\node_modules\helmet\dist\index.js:145:6)
    at xPermittedCrossDomainPoliciesMiddleware (F:\bridgelabz\nodeJSProjects\book-store-backend\book-store\node_modules\helmet\dist\middlewares\x-permitted-cross-domain-policies\index.js:15:3)
    at internalNext (F:\bridgelabz\nodeJSProjects\book-store-backend\book-store\node_modules\helmet\dist\index.js:145:6)
    at xContentTypeOptionsMiddleware (F:\bridgelabz\nodeJSProjects\book-store-backend\book-store\node_modules\helmet\dist\middlewares\x-content-type-options\index.js:6:3)
    at internalNext (F:\bridgelabz\nodeJSProjects\book-store-backend\book-store\node_modules\helmet\dist\index.js:145:6)
    at xDownloadOptionsMiddleware (F:\bridgelabz\nodeJSProjects\book-store-backend\book-store\node_modules\helmet\dist\middlewares\x-download-options\index.js:6:3)
    at internalNext (F:\bridgelabz\nodeJSProjects\book-store-backend\book-store\node_modules\helmet\dist\index.js:145:6)
    at strictTransportSecurityMiddleware (F:\bridgelabz\nodeJSProjects\book-store-backend\book-store\node_modules\helmet\dist\middlewares\strict-transport-security\index.js:34:3)
    at internalNext (F:\bridgelabz\nodeJSProjects\book-store-backend\book-store\node_modules\helmet\dist\index.js:145:6)
    at xPoweredByMiddleware (F:\bridgelabz\nodeJSProjects\book-store-backend\book-store\node_modules\helmet\dist\middlewares\x-powered-by\index.js:6:3)
    at internalNext (F:\bridgelabz\nodeJSProjects\book-store-backend\book-store\node_modules\helmet\dist\index.js:145:6)
    at xFrameOptionsMiddleware (F:\bridgelabz\nodeJSProjects\book-store-backend\book-store\node_modules\helmet\dist\middlewares\x-frame-options\index.js:21:3)
    at internalNext (F:\bridgelabz\nodeJSProjects\book-store-backend\book-store\node_modules\helmet\dist\index.js:145:6)
    at expectCtMiddleware (F:\bridgelabz\nodeJSProjects\book-store-backend\book-store\node_modules\helmet\dist\middlewares\expect-ct\index.js:24:3)
    at internalNext (F:\bridgelabz\nodeJSProjects\book-store-backend\book-store\node_modules\helmet\dist\index.js:145:6)
    at xDnsPrefetchControlMiddleware (F:\bridgelabz\nodeJSProjects\book-store-backend\book-store\node_modules\helmet\dist\middlewares\x-dns-prefetch-control\index.js:7:3)
    at internalNext (F:\bridgelabz\nodeJSProjects\book-store-backend\book-store\node_modules\helmet\dist\index.js:145:6)
    at contentSecurityPolicyMiddleware (F:\bridgelabz\nodeJSProjects\book-store-backend\book-store\node_modules\helmet\dist\middlewares\content-security-policy\index.js:124:4)
    at internalNext (F:\bridgelabz\nodeJSProjects\book-store-backend\book-store\node_modules\helmet\dist\index.js:145:6)
    at helmetMiddleware (F:\bridgelabz\nodeJSProjects\book-store-backend\book-store\node_modules\helmet\dist\index.js:147:6)
    at Layer.handle [as handle_request] (F:\bridgelabz\nodeJSProjects\book-store-backend\book-store\node_modules\express\lib\router\layer.js:95:5)
    at trim_prefix (F:\bridgelabz\nodeJSProjects\book-store-backend\book-store\node_modules\express\lib\router\index.js:328:13)
    at F:\bridgelabz\nodeJSProjects\book-store-backend\book-store\node_modules\express\lib\router\index.js:286:9
    at Function.process_params (F:\bridgelabz\nodeJSProjects\book-store-backend\book-store\node_modules\express\lib\router\index.js:346:12)
    at next (F:\bridgelabz\nodeJSProjects\book-store-backend\book-store\node_modules\express\lib\router\index.js:280:10)
    at cors (F:\bridgelabz\nodeJSProjects\book-store-backend\book-store\node_modules\cors\lib\index.js:188:7)
    at F:\bridgelabz\nodeJSProjects\book-store-backend\book-store\node_modules\cors\lib\index.js:224:17
    at originCallback (F:\bridgelabz\nodeJSProjects\book-store-backend\book-store\node_modules\cors\lib\index.js:214:15)
    at F:\bridgelabz\nodeJSProjects\book-store-backend\book-store\node_modules\cors\lib\index.js:219:13
    at optionsCallback (F:\bridgelabz\nodeJSProjects\book-store-backend\book-store\node_modules\cors\lib\index.js:199:9)
    at corsMiddleware (F:\bridgelabz\nodeJSProjects\book-store-backend\book-store\node_modules\cors\lib\index.js:204:7)
    at Layer.handle [as handle_request] (F:\bridgelabz\nodeJSProjects\book-store-backend\book-store\node_modules\express\lib\router\layer.js:95:5)
    at trim_prefix (F:\bridgelabz\nodeJSProjects\book-store-backend\book-store\node_modules\express\lib\router\index.js:328:13)
    at F:\bridgelabz\nodeJSProjects\book-store-backend\book-store\node_modules\express\lib\router\index.js:286:9
    at Function.process_params (F:\bridgelabz\nodeJSProjects\book-store-backend\book-store\node_modules\express\lib\router\index.js:346:12)
    at next (F:\bridgelabz\nodeJSProjects\book-store-backend\book-store\node_modules\express\lib\router\index.js:280:10)
    at expressInit (F:\bridgelabz\nodeJSProjects\book-store-backend\book-store\node_modules\express\lib\middleware\init.js:40:5)
    at Layer.handle [as handle_request] (F:\bridgelabz\nodeJSProjects\book-store-backend\book-store\node_modules\express\lib\router\layer.js:95:5)
    at trim_prefix (F:\bridgelabz\nodeJSProjects\book-store-backend\book-store\node_modules\express\lib\router\index.js:328:13)
    at F:\bridgelabz\nodeJSProjects\book-store-backend\book-store\node_modules\express\lib\router\index.js:286:9
    at Function.process_params (F:\bridgelabz\nodeJSProjects\book-store-backend\book-store\node_modules\express\lib\router\index.js:346:12)
    at next (F:\bridgelabz\nodeJSProjects\book-store-backend\book-store\node_modules\express\lib\router\index.js:280:10)
    at query (F:\bridgelabz\nodeJSProjects\book-store-backend\book-store\node_modules\express\lib\middleware\query.js:45:5)
    at Layer.handle [as handle_request] (F:\bridgelabz\nodeJSProjects\book-store-backend\book-store\node_modules\express\lib\router\layer.js:95:5)
    at trim_prefix (F:\bridgelabz\nodeJSProjects\book-store-backend\book-store\node_modules\express\lib\router\index.js:328:13)
    at F:\bridgelabz\nodeJSProjects\book-store-backend\book-store\node_modules\express\lib\router\index.js:286:9
    at Function.process_params (F:\bridgelabz\nodeJSProjects\book-store-backend\book-store\node_modules\express\lib\router\index.js:346:12)
    at next (F:\bridgelabz\nodeJSProjects\book-store-backend\book-store\node_modules\express\lib\router\index.js:280:10)
    at Function.handle (F:\bridgelabz\nodeJSProjects\book-store-backend\book-store\node_modules\express\lib\router\index.js:175:3)
    at Function.handle (F:\bridgelabz\nodeJSProjects\book-store-backend\book-store\node_modules\express\lib\application.js:181:10)
    at Server.app (F:\bridgelabz\nodeJSProjects\book-store-backend\book-store\node_modules\express\lib\express.js:39:9)
    at Server.emit (node:events:513:28)
    at parserOnIncoming (node:_http_server:1072:12)
    at HTTPParser.parserOnHeadersComplete (node:_http_common:119:17) 
    url - /api/v1/books 
    method - GET 
    IP - ::ffff:127.0.0.1
   {"timestamp":"2023-03-03T09:12:23.368Z"}
info: Server started at http://localhost:3000/api/v1/ {"timestamp":"2023-03-03T09:18:22.039Z"}
info: Connected to the database. {"timestamp":"2023-03-03T09:18:25.628Z"}
error: 
    status - 500 
    message - ValidationError: "firstName" is required 
    url - /api/v1/users/register 
    method - POST 
    IP - ::ffff:127.0.0.1
   {"timestamp":"2023-03-03T09:18:27.190Z"}
error: 
    status - 500 
    message - ValidationError: "firstName" length must be at least 4 characters long 
    url - /api/v1/users/register 
    method - POST 
    IP - ::ffff:127.0.0.1
   {"timestamp":"2023-03-03T09:18:27.220Z"}
error: 
    status - 500 
    message - ValidationError: "lastName" is required 
    url - /api/v1/users/register 
    method - POST 
    IP - ::ffff:127.0.0.1
   {"timestamp":"2023-03-03T09:18:27.248Z"}
error: 
    status - 500 
    message - ValidationError: "lastName" length must be at least 4 characters long 
    url - /api/v1/users/register 
    method - POST 
    IP - ::ffff:127.0.0.1
   {"timestamp":"2023-03-03T09:18:27.267Z"}
error: 
    status - 500 
    message - ValidationError: "email" is required 
    url - /api/v1/users/register 
    method - POST 
    IP - ::ffff:127.0.0.1
   {"timestamp":"2023-03-03T09:18:27.288Z"}
error: 
    status - 500 
    message - ValidationError: "email" must be a valid email 
    url - /api/v1/users/register 
    method - POST 
    IP - ::ffff:127.0.0.1
   {"timestamp":"2023-03-03T09:18:27.312Z"}
error: 
    status - 500 
    message - ValidationError: "password" is required 
    url - /api/v1/users/register 
    method - POST 
    IP - ::ffff:127.0.0.1
   {"timestamp":"2023-03-03T09:18:27.332Z"}
error: 
    status - 500 
    message - ValidationError: "password" length must be at least 6 characters long 
    url - /api/v1/users/register 
    method - POST 
    IP - ::ffff:127.0.0.1
   {"timestamp":"2023-03-03T09:18:27.354Z"}
error: 
    status - 500 
    message - ValidationError: "email" is required 
    url - /api/v1/users/login 
    method - POST 
    IP - ::ffff:127.0.0.1
   {"timestamp":"2023-03-03T09:18:27.843Z"}
error: 
    status - 500 
    message - ValidationError: "email" must be a valid email 
    url - /api/v1/users/login 
    method - POST 
    IP - ::ffff:127.0.0.1
   {"timestamp":"2023-03-03T09:18:27.863Z"}
error: 
    status - 500 
    message - ValidationError: "password" is required 
    url - /api/v1/users/login 
    method - POST 
    IP - ::ffff:127.0.0.1
   {"timestamp":"2023-03-03T09:18:27.884Z"}
error: 
    status - 500 
    message - ValidationError: "password" length must be at least 6 characters long 
    url - /api/v1/users/login 
    method - POST 
    IP - ::ffff:127.0.0.1
   {"timestamp":"2023-03-03T09:18:27.907Z"}
error: 
    status - 500 
    message - JsonWebTokenError: invalid signature
    at F:\bridgelabz\nodeJSProjects\book-store-backend\book-store\node_modules\jsonwebtoken\verify.js:133:19
    at getSecret (F:\bridgelabz\nodeJSProjects\book-store-backend\book-store\node_modules\jsonwebtoken\verify.js:90:14)
    at Object.verify (F:\bridgelabz\nodeJSProjects\book-store-backend\book-store\node_modules\jsonwebtoken\verify.js:94:10)
    at _callee$ (F:\bridgelabz\nodeJSProjects\book-store-backend\book-store\src\middlewares\/auth.middleware.js:22:32)
    at tryCatch (F:\bridgelabz\nodeJSProjects\book-store-backend\book-store\node_modules\@babel\runtime\helpers\regeneratorRuntime.js:44:17)
    at Generator.<anonymous> (F:\bridgelabz\nodeJSProjects\book-store-backend\book-store\node_modules\@babel\runtime\helpers\regeneratorRuntime.js:125:22)
    at Generator.next (F:\bridgelabz\nodeJSProjects\book-store-backend\book-store\node_modules\@babel\runtime\helpers\regeneratorRuntime.js:69:21)
    at asyncGeneratorStep (F:\bridgelabz\nodeJSProjects\book-store-backend\book-store\node_modules\@babel\runtime\helpers\asyncToGenerator.js:3:24)
    at _next (F:\bridgelabz\nodeJSProjects\book-store-backend\book-store\node_modules\@babel\runtime\helpers\asyncToGenerator.js:22:9)
    at F:\bridgelabz\nodeJSProjects\book-store-backend\book-store\node_modules\@babel\runtime\helpers\asyncToGenerator.js:27:7
    at new Promise (<anonymous>)
    at apply (F:\bridgelabz\nodeJSProjects\book-store-backend\book-store\node_modules\@babel\runtime\helpers\asyncToGenerator.js:19:12)
    at userAuth (F:\bridgelabz\nodeJSProjects\book-store-backend\book-store\src\middlewares\/auth.middleware.js:12:22)
    at Layer.handle [as handle_request] (F:\bridgelabz\nodeJSProjects\book-store-backend\book-store\node_modules\express\lib\router\layer.js:95:5)
    at next (F:\bridgelabz\nodeJSProjects\book-store-backend\book-store\node_modules\express\lib\router\route.js:144:13)
    at Route.dispatch (F:\bridgelabz\nodeJSProjects\book-store-backend\book-store\node_modules\express\lib\router\route.js:114:3)
    at Layer.handle [as handle_request] (F:\bridgelabz\nodeJSProjects\book-store-backend\book-store\node_modules\express\lib\router\layer.js:95:5)
    at F:\bridgelabz\nodeJSProjects\book-store-backend\book-store\node_modules\express\lib\router\index.js:284:15
    at Function.process_params (F:\bridgelabz\nodeJSProjects\book-store-backend\book-store\node_modules\express\lib\router\index.js:346:12)
    at next (F:\bridgelabz\nodeJSProjects\book-store-backend\book-store\node_modules\express\lib\router\index.js:280:10)
    at Function.handle (F:\bridgelabz\nodeJSProjects\book-store-backend\book-store\node_modules\express\lib\router\index.js:175:3)
    at router (F:\bridgelabz\nodeJSProjects\book-store-backend\book-store\node_modules\express\lib\router\index.js:47:12)
    at Layer.handle [as handle_request] (F:\bridgelabz\nodeJSProjects\book-store-backend\book-store\node_modules\express\lib\router\layer.js:95:5)
    at trim_prefix (F:\bridgelabz\nodeJSProjects\book-store-backend\book-store\node_modules\express\lib\router\index.js:328:13)
    at F:\bridgelabz\nodeJSProjects\book-store-backend\book-store\node_modules\express\lib\router\index.js:286:9
    at Function.process_params (F:\bridgelabz\nodeJSProjects\book-store-backend\book-store\node_modules\express\lib\router\index.js:346:12)
    at next (F:\bridgelabz\nodeJSProjects\book-store-backend\book-store\node_modules\express\lib\router\index.js:280:10)
    at Function.handle (F:\bridgelabz\nodeJSProjects\book-store-backend\book-store\node_modules\express\lib\router\index.js:175:3)
    at router (F:\bridgelabz\nodeJSProjects\book-store-backend\book-store\node_modules\express\lib\router\index.js:47:12)
    at Layer.handle [as handle_request] (F:\bridgelabz\nodeJSProjects\book-store-backend\book-store\node_modules\express\lib\router\layer.js:95:5)
    at trim_prefix (F:\bridgelabz\nodeJSProjects\book-store-backend\book-store\node_modules\express\lib\router\index.js:328:13)
    at F:\bridgelabz\nodeJSProjects\book-store-backend\book-store\node_modules\express\lib\router\index.js:286:9
    at Function.process_params (F:\bridgelabz\nodeJSProjects\book-store-backend\book-store\node_modules\express\lib\router\index.js:346:12)
    at next (F:\bridgelabz\nodeJSProjects\book-store-backend\book-store\node_modules\express\lib\router\index.js:280:10)
    at logger (F:\bridgelabz\nodeJSProjects\book-store-backend\book-store\node_modules\morgan\index.js:144:5)
    at Layer.handle [as handle_request] (F:\bridgelabz\nodeJSProjects\book-store-backend\book-store\node_modules\express\lib\router\layer.js:95:5)
    at trim_prefix (F:\bridgelabz\nodeJSProjects\book-store-backend\book-store\node_modules\express\lib\router\index.js:328:13)
    at F:\bridgelabz\nodeJSProjects\book-store-backend\book-store\node_modules\express\lib\router\index.js:286:9
    at Function.process_params (F:\bridgelabz\nodeJSProjects\book-store-backend\book-store\node_modules\express\lib\router\index.js:346:12)
    at next (F:\bridgelabz\nodeJSProjects\book-store-backend\book-store\node_modules\express\lib\router\index.js:280:10)
    at jsonParser (F:\bridgelabz\nodeJSProjects\book-store-backend\book-store\node_modules\body-parser\lib\types\json.js:110:7)
    at Layer.handle [as handle_request] (F:\bridgelabz\nodeJSProjects\book-store-backend\book-store\node_modules\express\lib\router\layer.js:95:5)
    at trim_prefix (F:\bridgelabz\nodeJSProjects\book-store-backend\book-store\node_modules\express\lib\router\index.js:328:13)
    at F:\bridgelabz\nodeJSProjects\book-store-backend\book-store\node_modules\express\lib\router\index.js:286:9
    at Function.process_params (F:\bridgelabz\nodeJSProjects\book-store-backend\book-store\node_modules\express\lib\router\index.js:346:12)
    at next (F:\bridgelabz\nodeJSProjects\book-store-backend\book-store\node_modules\express\lib\router\index.js:280:10)
    at urlencodedParser (F:\bridgelabz\nodeJSProjects\book-store-backend\book-store\node_modules\body-parser\lib\types\urlencoded.js:91:7)
    at Layer.handle [as handle_request] (F:\bridgelabz\nodeJSProjects\book-store-backend\book-store\node_modules\express\lib\router\layer.js:95:5)
    at trim_prefix (F:\bridgelabz\nodeJSProjects\book-store-backend\book-store\node_modules\express\lib\router\index.js:328:13)
    at F:\bridgelabz\nodeJSProjects\book-store-backend\book-store\node_modules\express\lib\router\index.js:286:9
    at Function.process_params (F:\bridgelabz\nodeJSProjects\book-store-backend\book-store\node_modules\express\lib\router\index.js:346:12)
    at next (F:\bridgelabz\nodeJSProjects\book-store-backend\book-store\node_modules\express\lib\router\index.js:280:10)
    at internalNext (F:\bridgelabz\nodeJSProjects\book-store-backend\book-store\node_modules\helmet\dist\index.js:142:6)
    at xXssProtectionMiddleware (F:\bridgelabz\nodeJSProjects\book-store-backend\book-store\node_modules\helmet\dist\middlewares\x-xss-protection\index.js:6:3)
    at internalNext (F:\bridgelabz\nodeJSProjects\book-store-backend\book-store\node_modules\helmet\dist\index.js:145:6)
    at referrerPolicyMiddleware (F:\bridgelabz\nodeJSProjects\book-store-backend\book-store\node_modules\helmet\dist\middlewares\referrer-policy\index.js:24:3)
    at internalNext (F:\bridgelabz\nodeJSProjects\book-store-backend\book-store\node_modules\helmet\dist\index.js:145:6)
    at xPermittedCrossDomainPoliciesMiddleware (F:\bridgelabz\nodeJSProjects\book-store-backend\book-store\node_modules\helmet\dist\middlewares\x-permitted-cross-domain-policies\index.js:15:3)
    at internalNext (F:\bridgelabz\nodeJSProjects\book-store-backend\book-store\node_modules\helmet\dist\index.js:145:6)
    at xContentTypeOptionsMiddleware (F:\bridgelabz\nodeJSProjects\book-store-backend\book-store\node_modules\helmet\dist\middlewares\x-content-type-options\index.js:6:3)
    at internalNext (F:\bridgelabz\nodeJSProjects\book-store-backend\book-store\node_modules\helmet\dist\index.js:145:6)
    at xDownloadOptionsMiddleware (F:\bridgelabz\nodeJSProjects\book-store-backend\book-store\node_modules\helmet\dist\middlewares\x-download-options\index.js:6:3)
    at internalNext (F:\bridgelabz\nodeJSProjects\book-store-backend\book-store\node_modules\helmet\dist\index.js:145:6)
    at strictTransportSecurityMiddleware (F:\bridgelabz\nodeJSProjects\book-store-backend\book-store\node_modules\helmet\dist\middlewares\strict-transport-security\index.js:34:3)
    at internalNext (F:\bridgelabz\nodeJSProjects\book-store-backend\book-store\node_modules\helmet\dist\index.js:145:6)
    at xPoweredByMiddleware (F:\bridgelabz\nodeJSProjects\book-store-backend\book-store\node_modules\helmet\dist\middlewares\x-powered-by\index.js:6:3)
    at internalNext (F:\bridgelabz\nodeJSProjects\book-store-backend\book-store\node_modules\helmet\dist\index.js:145:6)
    at xFrameOptionsMiddleware (F:\bridgelabz\nodeJSProjects\book-store-backend\book-store\node_modules\helmet\dist\middlewares\x-frame-options\index.js:21:3)
    at internalNext (F:\bridgelabz\nodeJSProjects\book-store-backend\book-store\node_modules\helmet\dist\index.js:145:6)
    at expectCtMiddleware (F:\bridgelabz\nodeJSProjects\book-store-backend\book-store\node_modules\helmet\dist\middlewares\expect-ct\index.js:24:3)
    at internalNext (F:\bridgelabz\nodeJSProjects\book-store-backend\book-store\node_modules\helmet\dist\index.js:145:6)
    at xDnsPrefetchControlMiddleware (F:\bridgelabz\nodeJSProjects\book-store-backend\book-store\node_modules\helmet\dist\middlewares\x-dns-prefetch-control\index.js:7:3)
    at internalNext (F:\bridgelabz\nodeJSProjects\book-store-backend\book-store\node_modules\helmet\dist\index.js:145:6)
    at contentSecurityPolicyMiddleware (F:\bridgelabz\nodeJSProjects\book-store-backend\book-store\node_modules\helmet\dist\middlewares\content-security-policy\index.js:124:4)
    at internalNext (F:\bridgelabz\nodeJSProjects\book-store-backend\book-store\node_modules\helmet\dist\index.js:145:6)
    at helmetMiddleware (F:\bridgelabz\nodeJSProjects\book-store-backend\book-store\node_modules\helmet\dist\index.js:147:6)
    at Layer.handle [as handle_request] (F:\bridgelabz\nodeJSProjects\book-store-backend\book-store\node_modules\express\lib\router\layer.js:95:5)
    at trim_prefix (F:\bridgelabz\nodeJSProjects\book-store-backend\book-store\node_modules\express\lib\router\index.js:328:13)
    at F:\bridgelabz\nodeJSProjects\book-store-backend\book-store\node_modules\express\lib\router\index.js:286:9
    at Function.process_params (F:\bridgelabz\nodeJSProjects\book-store-backend\book-store\node_modules\express\lib\router\index.js:346:12)
    at next (F:\bridgelabz\nodeJSProjects\book-store-backend\book-store\node_modules\express\lib\router\index.js:280:10)
    at cors (F:\bridgelabz\nodeJSProjects\book-store-backend\book-store\node_modules\cors\lib\index.js:188:7)
    at F:\bridgelabz\nodeJSProjects\book-store-backend\book-store\node_modules\cors\lib\index.js:224:17
    at originCallback (F:\bridgelabz\nodeJSProjects\book-store-backend\book-store\node_modules\cors\lib\index.js:214:15)
    at F:\bridgelabz\nodeJSProjects\book-store-backend\book-store\node_modules\cors\lib\index.js:219:13
    at optionsCallback (F:\bridgelabz\nodeJSProjects\book-store-backend\book-store\node_modules\cors\lib\index.js:199:9)
    at corsMiddleware (F:\bridgelabz\nodeJSProjects\book-store-backend\book-store\node_modules\cors\lib\index.js:204:7)
    at Layer.handle [as handle_request] (F:\bridgelabz\nodeJSProjects\book-store-backend\book-store\node_modules\express\lib\router\layer.js:95:5)
    at trim_prefix (F:\bridgelabz\nodeJSProjects\book-store-backend\book-store\node_modules\express\lib\router\index.js:328:13)
    at F:\bridgelabz\nodeJSProjects\book-store-backend\book-store\node_modules\express\lib\router\index.js:286:9
    at Function.process_params (F:\bridgelabz\nodeJSProjects\book-store-backend\book-store\node_modules\express\lib\router\index.js:346:12)
    at next (F:\bridgelabz\nodeJSProjects\book-store-backend\book-store\node_modules\express\lib\router\index.js:280:10)
    at expressInit (F:\bridgelabz\nodeJSProjects\book-store-backend\book-store\node_modules\express\lib\middleware\init.js:40:5)
    at Layer.handle [as handle_request] (F:\bridgelabz\nodeJSProjects\book-store-backend\book-store\node_modules\express\lib\router\layer.js:95:5)
    at trim_prefix (F:\bridgelabz\nodeJSProjects\book-store-backend\book-store\node_modules\express\lib\router\index.js:328:13)
    at F:\bridgelabz\nodeJSProjects\book-store-backend\book-store\node_modules\express\lib\router\index.js:286:9
    at Function.process_params (F:\bridgelabz\nodeJSProjects\book-store-backend\book-store\node_modules\express\lib\router\index.js:346:12)
    at next (F:\bridgelabz\nodeJSProjects\book-store-backend\book-store\node_modules\express\lib\router\index.js:280:10)
    at query (F:\bridgelabz\nodeJSProjects\book-store-backend\book-store\node_modules\express\lib\middleware\query.js:45:5)
    at Layer.handle [as handle_request] (F:\bridgelabz\nodeJSProjects\book-store-backend\book-store\node_modules\express\lib\router\layer.js:95:5)
    at trim_prefix (F:\bridgelabz\nodeJSProjects\book-store-backend\book-store\node_modules\express\lib\router\index.js:328:13)
    at F:\bridgelabz\nodeJSProjects\book-store-backend\book-store\node_modules\express\lib\router\index.js:286:9
    at Function.process_params (F:\bridgelabz\nodeJSProjects\book-store-backend\book-store\node_modules\express\lib\router\index.js:346:12)
    at next (F:\bridgelabz\nodeJSProjects\book-store-backend\book-store\node_modules\express\lib\router\index.js:280:10)
    at Function.handle (F:\bridgelabz\nodeJSProjects\book-store-backend\book-store\node_modules\express\lib\router\index.js:175:3)
    at Function.handle (F:\bridgelabz\nodeJSProjects\book-store-backend\book-store\node_modules\express\lib\application.js:181:10)
    at Server.app (F:\bridgelabz\nodeJSProjects\book-store-backend\book-store\node_modules\express\lib\express.js:39:9)
    at Server.emit (node:events:513:28)
    at parserOnIncoming (node:_http_server:1072:12)
    at HTTPParser.parserOnHeadersComplete (node:_http_common:119:17) 
    url - /api/v1/books 
    method - GET 
    IP - ::ffff:127.0.0.1
   {"timestamp":"2023-03-03T09:18:29.283Z"}
info: Server started at http://localhost:3000/api/v1/ {"timestamp":"2023-03-03T09:18:45.197Z"}
info: Connected to the database. {"timestamp":"2023-03-03T09:18:49.831Z"}
error: 
    status - 500 
    message - ValidationError: "firstName" is required 
    url - /api/v1/users/register 
    method - POST 
    IP - ::ffff:127.0.0.1
   {"timestamp":"2023-03-03T09:18:50.294Z"}
error: 
    status - 500 
    message - ValidationError: "firstName" length must be at least 4 characters long 
    url - /api/v1/users/register 
    method - POST 
    IP - ::ffff:127.0.0.1
   {"timestamp":"2023-03-03T09:18:50.361Z"}
error: 
    status - 500 
    message - ValidationError: "lastName" is required 
    url - /api/v1/users/register 
    method - POST 
    IP - ::ffff:127.0.0.1
   {"timestamp":"2023-03-03T09:18:50.390Z"}
error: 
    status - 500 
    message - ValidationError: "lastName" length must be at least 4 characters long 
    url - /api/v1/users/register 
    method - POST 
    IP - ::ffff:127.0.0.1
   {"timestamp":"2023-03-03T09:18:50.415Z"}
error: 
    status - 500 
    message - ValidationError: "email" is required 
    url - /api/v1/users/register 
    method - POST 
    IP - ::ffff:127.0.0.1
   {"timestamp":"2023-03-03T09:18:50.440Z"}
error: 
    status - 500 
    message - ValidationError: "email" must be a valid email 
    url - /api/v1/users/register 
    method - POST 
    IP - ::ffff:127.0.0.1
   {"timestamp":"2023-03-03T09:18:50.466Z"}
error: 
    status - 500 
    message - ValidationError: "password" is required 
    url - /api/v1/users/register 
    method - POST 
    IP - ::ffff:127.0.0.1
   {"timestamp":"2023-03-03T09:18:50.493Z"}
error: 
    status - 500 
    message - ValidationError: "password" length must be at least 6 characters long 
    url - /api/v1/users/register 
    method - POST 
    IP - ::ffff:127.0.0.1
   {"timestamp":"2023-03-03T09:18:50.527Z"}
error: 
    status - 500 
    message - ValidationError: "email" is required 
    url - /api/v1/users/login 
    method - POST 
    IP - ::ffff:127.0.0.1
   {"timestamp":"2023-03-03T09:18:51.685Z"}
error: 
    status - 500 
    message - ValidationError: "email" must be a valid email 
    url - /api/v1/users/login 
    method - POST 
    IP - ::ffff:127.0.0.1
   {"timestamp":"2023-03-03T09:18:51.701Z"}
error: 
    status - 500 
    message - ValidationError: "password" is required 
    url - /api/v1/users/login 
    method - POST 
    IP - ::ffff:127.0.0.1
   {"timestamp":"2023-03-03T09:18:51.723Z"}
error: 
    status - 500 
    message - ValidationError: "password" length must be at least 6 characters long 
    url - /api/v1/users/login 
    method - POST 
    IP - ::ffff:127.0.0.1
   {"timestamp":"2023-03-03T09:18:51.743Z"}
error: 
    status - 500 
    message - JsonWebTokenError: invalid signature
    at F:\bridgelabz\nodeJSProjects\book-store-backend\book-store\node_modules\jsonwebtoken\verify.js:133:19
    at getSecret (F:\bridgelabz\nodeJSProjects\book-store-backend\book-store\node_modules\jsonwebtoken\verify.js:90:14)
    at Object.verify (F:\bridgelabz\nodeJSProjects\book-store-backend\book-store\node_modules\jsonwebtoken\verify.js:94:10)
    at _callee$ (F:\bridgelabz\nodeJSProjects\book-store-backend\book-store\src\middlewares\/auth.middleware.js:22:32)
    at tryCatch (F:\bridgelabz\nodeJSProjects\book-store-backend\book-store\node_modules\@babel\runtime\helpers\regeneratorRuntime.js:44:17)
    at Generator.<anonymous> (F:\bridgelabz\nodeJSProjects\book-store-backend\book-store\node_modules\@babel\runtime\helpers\regeneratorRuntime.js:125:22)
    at Generator.next (F:\bridgelabz\nodeJSProjects\book-store-backend\book-store\node_modules\@babel\runtime\helpers\regeneratorRuntime.js:69:21)
    at asyncGeneratorStep (F:\bridgelabz\nodeJSProjects\book-store-backend\book-store\node_modules\@babel\runtime\helpers\asyncToGenerator.js:3:24)
    at _next (F:\bridgelabz\nodeJSProjects\book-store-backend\book-store\node_modules\@babel\runtime\helpers\asyncToGenerator.js:22:9)
    at F:\bridgelabz\nodeJSProjects\book-store-backend\book-store\node_modules\@babel\runtime\helpers\asyncToGenerator.js:27:7
    at new Promise (<anonymous>)
    at apply (F:\bridgelabz\nodeJSProjects\book-store-backend\book-store\node_modules\@babel\runtime\helpers\asyncToGenerator.js:19:12)
    at userAuth (F:\bridgelabz\nodeJSProjects\book-store-backend\book-store\src\middlewares\/auth.middleware.js:12:22)
    at Layer.handle [as handle_request] (F:\bridgelabz\nodeJSProjects\book-store-backend\book-store\node_modules\express\lib\router\layer.js:95:5)
    at next (F:\bridgelabz\nodeJSProjects\book-store-backend\book-store\node_modules\express\lib\router\route.js:144:13)
    at Route.dispatch (F:\bridgelabz\nodeJSProjects\book-store-backend\book-store\node_modules\express\lib\router\route.js:114:3)
    at Layer.handle [as handle_request] (F:\bridgelabz\nodeJSProjects\book-store-backend\book-store\node_modules\express\lib\router\layer.js:95:5)
    at F:\bridgelabz\nodeJSProjects\book-store-backend\book-store\node_modules\express\lib\router\index.js:284:15
    at Function.process_params (F:\bridgelabz\nodeJSProjects\book-store-backend\book-store\node_modules\express\lib\router\index.js:346:12)
    at next (F:\bridgelabz\nodeJSProjects\book-store-backend\book-store\node_modules\express\lib\router\index.js:280:10)
    at Function.handle (F:\bridgelabz\nodeJSProjects\book-store-backend\book-store\node_modules\express\lib\router\index.js:175:3)
    at router (F:\bridgelabz\nodeJSProjects\book-store-backend\book-store\node_modules\express\lib\router\index.js:47:12)
    at Layer.handle [as handle_request] (F:\bridgelabz\nodeJSProjects\book-store-backend\book-store\node_modules\express\lib\router\layer.js:95:5)
    at trim_prefix (F:\bridgelabz\nodeJSProjects\book-store-backend\book-store\node_modules\express\lib\router\index.js:328:13)
    at F:\bridgelabz\nodeJSProjects\book-store-backend\book-store\node_modules\express\lib\router\index.js:286:9
    at Function.process_params (F:\bridgelabz\nodeJSProjects\book-store-backend\book-store\node_modules\express\lib\router\index.js:346:12)
    at next (F:\bridgelabz\nodeJSProjects\book-store-backend\book-store\node_modules\express\lib\router\index.js:280:10)
    at Function.handle (F:\bridgelabz\nodeJSProjects\book-store-backend\book-store\node_modules\express\lib\router\index.js:175:3)
    at router (F:\bridgelabz\nodeJSProjects\book-store-backend\book-store\node_modules\express\lib\router\index.js:47:12)
    at Layer.handle [as handle_request] (F:\bridgelabz\nodeJSProjects\book-store-backend\book-store\node_modules\express\lib\router\layer.js:95:5)
    at trim_prefix (F:\bridgelabz\nodeJSProjects\book-store-backend\book-store\node_modules\express\lib\router\index.js:328:13)
    at F:\bridgelabz\nodeJSProjects\book-store-backend\book-store\node_modules\express\lib\router\index.js:286:9
    at Function.process_params (F:\bridgelabz\nodeJSProjects\book-store-backend\book-store\node_modules\express\lib\router\index.js:346:12)
    at next (F:\bridgelabz\nodeJSProjects\book-store-backend\book-store\node_modules\express\lib\router\index.js:280:10)
    at logger (F:\bridgelabz\nodeJSProjects\book-store-backend\book-store\node_modules\morgan\index.js:144:5)
    at Layer.handle [as handle_request] (F:\bridgelabz\nodeJSProjects\book-store-backend\book-store\node_modules\express\lib\router\layer.js:95:5)
    at trim_prefix (F:\bridgelabz\nodeJSProjects\book-store-backend\book-store\node_modules\express\lib\router\index.js:328:13)
    at F:\bridgelabz\nodeJSProjects\book-store-backend\book-store\node_modules\express\lib\router\index.js:286:9
    at Function.process_params (F:\bridgelabz\nodeJSProjects\book-store-backend\book-store\node_modules\express\lib\router\index.js:346:12)
    at next (F:\bridgelabz\nodeJSProjects\book-store-backend\book-store\node_modules\express\lib\router\index.js:280:10)
    at jsonParser (F:\bridgelabz\nodeJSProjects\book-store-backend\book-store\node_modules\body-parser\lib\types\json.js:110:7)
    at Layer.handle [as handle_request] (F:\bridgelabz\nodeJSProjects\book-store-backend\book-store\node_modules\express\lib\router\layer.js:95:5)
    at trim_prefix (F:\bridgelabz\nodeJSProjects\book-store-backend\book-store\node_modules\express\lib\router\index.js:328:13)
    at F:\bridgelabz\nodeJSProjects\book-store-backend\book-store\node_modules\express\lib\router\index.js:286:9
    at Function.process_params (F:\bridgelabz\nodeJSProjects\book-store-backend\book-store\node_modules\express\lib\router\index.js:346:12)
    at next (F:\bridgelabz\nodeJSProjects\book-store-backend\book-store\node_modules\express\lib\router\index.js:280:10)
    at urlencodedParser (F:\bridgelabz\nodeJSProjects\book-store-backend\book-store\node_modules\body-parser\lib\types\urlencoded.js:91:7)
    at Layer.handle [as handle_request] (F:\bridgelabz\nodeJSProjects\book-store-backend\book-store\node_modules\express\lib\router\layer.js:95:5)
    at trim_prefix (F:\bridgelabz\nodeJSProjects\book-store-backend\book-store\node_modules\express\lib\router\index.js:328:13)
    at F:\bridgelabz\nodeJSProjects\book-store-backend\book-store\node_modules\express\lib\router\index.js:286:9
    at Function.process_params (F:\bridgelabz\nodeJSProjects\book-store-backend\book-store\node_modules\express\lib\router\index.js:346:12)
    at next (F:\bridgelabz\nodeJSProjects\book-store-backend\book-store\node_modules\express\lib\router\index.js:280:10)
    at internalNext (F:\bridgelabz\nodeJSProjects\book-store-backend\book-store\node_modules\helmet\dist\index.js:142:6)
    at xXssProtectionMiddleware (F:\bridgelabz\nodeJSProjects\book-store-backend\book-store\node_modules\helmet\dist\middlewares\x-xss-protection\index.js:6:3)
    at internalNext (F:\bridgelabz\nodeJSProjects\book-store-backend\book-store\node_modules\helmet\dist\index.js:145:6)
    at referrerPolicyMiddleware (F:\bridgelabz\nodeJSProjects\book-store-backend\book-store\node_modules\helmet\dist\middlewares\referrer-policy\index.js:24:3)
    at internalNext (F:\bridgelabz\nodeJSProjects\book-store-backend\book-store\node_modules\helmet\dist\index.js:145:6)
    at xPermittedCrossDomainPoliciesMiddleware (F:\bridgelabz\nodeJSProjects\book-store-backend\book-store\node_modules\helmet\dist\middlewares\x-permitted-cross-domain-policies\index.js:15:3)
    at internalNext (F:\bridgelabz\nodeJSProjects\book-store-backend\book-store\node_modules\helmet\dist\index.js:145:6)
    at xContentTypeOptionsMiddleware (F:\bridgelabz\nodeJSProjects\book-store-backend\book-store\node_modules\helmet\dist\middlewares\x-content-type-options\index.js:6:3)
    at internalNext (F:\bridgelabz\nodeJSProjects\book-store-backend\book-store\node_modules\helmet\dist\index.js:145:6)
    at xDownloadOptionsMiddleware (F:\bridgelabz\nodeJSProjects\book-store-backend\book-store\node_modules\helmet\dist\middlewares\x-download-options\index.js:6:3)
    at internalNext (F:\bridgelabz\nodeJSProjects\book-store-backend\book-store\node_modules\helmet\dist\index.js:145:6)
    at strictTransportSecurityMiddleware (F:\bridgelabz\nodeJSProjects\book-store-backend\book-store\node_modules\helmet\dist\middlewares\strict-transport-security\index.js:34:3)
    at internalNext (F:\bridgelabz\nodeJSProjects\book-store-backend\book-store\node_modules\helmet\dist\index.js:145:6)
    at xPoweredByMiddleware (F:\bridgelabz\nodeJSProjects\book-store-backend\book-store\node_modules\helmet\dist\middlewares\x-powered-by\index.js:6:3)
    at internalNext (F:\bridgelabz\nodeJSProjects\book-store-backend\book-store\node_modules\helmet\dist\index.js:145:6)
    at xFrameOptionsMiddleware (F:\bridgelabz\nodeJSProjects\book-store-backend\book-store\node_modules\helmet\dist\middlewares\x-frame-options\index.js:21:3)
    at internalNext (F:\bridgelabz\nodeJSProjects\book-store-backend\book-store\node_modules\helmet\dist\index.js:145:6)
    at expectCtMiddleware (F:\bridgelabz\nodeJSProjects\book-store-backend\book-store\node_modules\helmet\dist\middlewares\expect-ct\index.js:24:3)
    at internalNext (F:\bridgelabz\nodeJSProjects\book-store-backend\book-store\node_modules\helmet\dist\index.js:145:6)
    at xDnsPrefetchControlMiddleware (F:\bridgelabz\nodeJSProjects\book-store-backend\book-store\node_modules\helmet\dist\middlewares\x-dns-prefetch-control\index.js:7:3)
    at internalNext (F:\bridgelabz\nodeJSProjects\book-store-backend\book-store\node_modules\helmet\dist\index.js:145:6)
    at contentSecurityPolicyMiddleware (F:\bridgelabz\nodeJSProjects\book-store-backend\book-store\node_modules\helmet\dist\middlewares\content-security-policy\index.js:124:4)
    at internalNext (F:\bridgelabz\nodeJSProjects\book-store-backend\book-store\node_modules\helmet\dist\index.js:145:6)
    at helmetMiddleware (F:\bridgelabz\nodeJSProjects\book-store-backend\book-store\node_modules\helmet\dist\index.js:147:6)
    at Layer.handle [as handle_request] (F:\bridgelabz\nodeJSProjects\book-store-backend\book-store\node_modules\express\lib\router\layer.js:95:5)
    at trim_prefix (F:\bridgelabz\nodeJSProjects\book-store-backend\book-store\node_modules\express\lib\router\index.js:328:13)
    at F:\bridgelabz\nodeJSProjects\book-store-backend\book-store\node_modules\express\lib\router\index.js:286:9
    at Function.process_params (F:\bridgelabz\nodeJSProjects\book-store-backend\book-store\node_modules\express\lib\router\index.js:346:12)
    at next (F:\bridgelabz\nodeJSProjects\book-store-backend\book-store\node_modules\express\lib\router\index.js:280:10)
    at cors (F:\bridgelabz\nodeJSProjects\book-store-backend\book-store\node_modules\cors\lib\index.js:188:7)
    at F:\bridgelabz\nodeJSProjects\book-store-backend\book-store\node_modules\cors\lib\index.js:224:17
    at originCallback (F:\bridgelabz\nodeJSProjects\book-store-backend\book-store\node_modules\cors\lib\index.js:214:15)
    at F:\bridgelabz\nodeJSProjects\book-store-backend\book-store\node_modules\cors\lib\index.js:219:13
    at optionsCallback (F:\bridgelabz\nodeJSProjects\book-store-backend\book-store\node_modules\cors\lib\index.js:199:9)
    at corsMiddleware (F:\bridgelabz\nodeJSProjects\book-store-backend\book-store\node_modules\cors\lib\index.js:204:7)
    at Layer.handle [as handle_request] (F:\bridgelabz\nodeJSProjects\book-store-backend\book-store\node_modules\express\lib\router\layer.js:95:5)
    at trim_prefix (F:\bridgelabz\nodeJSProjects\book-store-backend\book-store\node_modules\express\lib\router\index.js:328:13)
    at F:\bridgelabz\nodeJSProjects\book-store-backend\book-store\node_modules\express\lib\router\index.js:286:9
    at Function.process_params (F:\bridgelabz\nodeJSProjects\book-store-backend\book-store\node_modules\express\lib\router\index.js:346:12)
    at next (F:\bridgelabz\nodeJSProjects\book-store-backend\book-store\node_modules\express\lib\router\index.js:280:10)
    at expressInit (F:\bridgelabz\nodeJSProjects\book-store-backend\book-store\node_modules\express\lib\middleware\init.js:40:5)
    at Layer.handle [as handle_request] (F:\bridgelabz\nodeJSProjects\book-store-backend\book-store\node_modules\express\lib\router\layer.js:95:5)
    at trim_prefix (F:\bridgelabz\nodeJSProjects\book-store-backend\book-store\node_modules\express\lib\router\index.js:328:13)
    at F:\bridgelabz\nodeJSProjects\book-store-backend\book-store\node_modules\express\lib\router\index.js:286:9
    at Function.process_params (F:\bridgelabz\nodeJSProjects\book-store-backend\book-store\node_modules\express\lib\router\index.js:346:12)
    at next (F:\bridgelabz\nodeJSProjects\book-store-backend\book-store\node_modules\express\lib\router\index.js:280:10)
    at query (F:\bridgelabz\nodeJSProjects\book-store-backend\book-store\node_modules\express\lib\middleware\query.js:45:5)
    at Layer.handle [as handle_request] (F:\bridgelabz\nodeJSProjects\book-store-backend\book-store\node_modules\express\lib\router\layer.js:95:5)
    at trim_prefix (F:\bridgelabz\nodeJSProjects\book-store-backend\book-store\node_modules\express\lib\router\index.js:328:13)
    at F:\bridgelabz\nodeJSProjects\book-store-backend\book-store\node_modules\express\lib\router\index.js:286:9
    at Function.process_params (F:\bridgelabz\nodeJSProjects\book-store-backend\book-store\node_modules\express\lib\router\index.js:346:12)
    at next (F:\bridgelabz\nodeJSProjects\book-store-backend\book-store\node_modules\express\lib\router\index.js:280:10)
    at Function.handle (F:\bridgelabz\nodeJSProjects\book-store-backend\book-store\node_modules\express\lib\router\index.js:175:3)
    at Function.handle (F:\bridgelabz\nodeJSProjects\book-store-backend\book-store\node_modules\express\lib\application.js:181:10)
    at Server.app (F:\bridgelabz\nodeJSProjects\book-store-backend\book-store\node_modules\express\lib\express.js:39:9)
    at Server.emit (node:events:513:28)
    at parserOnIncoming (node:_http_server:1072:12)
    at HTTPParser.parserOnHeadersComplete (node:_http_common:119:17) 
    url - /api/v1/books 
    method - GET 
    IP - ::ffff:127.0.0.1
   {"timestamp":"2023-03-03T09:18:53.024Z"}
info: Server started at http://localhost:3000/api/v1/ {"timestamp":"2023-03-03T09:48:13.357Z"}
info: Connected to the database. {"timestamp":"2023-03-03T09:48:16.828Z"}
error: 
    status - 500 
    message - ValidationError: "firstName" is required 
    url - /api/v1/users/register 
    method - POST 
    IP - ::ffff:127.0.0.1
   {"timestamp":"2023-03-03T09:48:18.383Z"}
error: 
    status - 500 
    message - ValidationError: "firstName" length must be at least 4 characters long 
    url - /api/v1/users/register 
    method - POST 
    IP - ::ffff:127.0.0.1
   {"timestamp":"2023-03-03T09:48:18.400Z"}
error: 
    status - 500 
    message - ValidationError: "lastName" is required 
    url - /api/v1/users/register 
    method - POST 
    IP - ::ffff:127.0.0.1
   {"timestamp":"2023-03-03T09:48:18.419Z"}
error: 
    status - 500 
    message - ValidationError: "lastName" length must be at least 4 characters long 
    url - /api/v1/users/register 
    method - POST 
    IP - ::ffff:127.0.0.1
   {"timestamp":"2023-03-03T09:48:18.436Z"}
error: 
    status - 500 
    message - ValidationError: "email" is required 
    url - /api/v1/users/register 
    method - POST 
    IP - ::ffff:127.0.0.1
   {"timestamp":"2023-03-03T09:48:18.453Z"}
error: 
    status - 500 
    message - ValidationError: "email" must be a valid email 
    url - /api/v1/users/register 
    method - POST 
    IP - ::ffff:127.0.0.1
   {"timestamp":"2023-03-03T09:48:18.470Z"}
error: 
    status - 500 
    message - ValidationError: "password" is required 
    url - /api/v1/users/register 
    method - POST 
    IP - ::ffff:127.0.0.1
   {"timestamp":"2023-03-03T09:48:18.489Z"}
error: 
    status - 500 
    message - ValidationError: "password" length must be at least 6 characters long 
    url - /api/v1/users/register 
    method - POST 
    IP - ::ffff:127.0.0.1
   {"timestamp":"2023-03-03T09:48:18.587Z"}
error: 
    status - 500 
    message - ValidationError: "email" is required 
    url - /api/v1/users/login 
    method - POST 
    IP - ::ffff:127.0.0.1
   {"timestamp":"2023-03-03T09:48:19.086Z"}
error: 
    status - 500 
    message - ValidationError: "email" must be a valid email 
    url - /api/v1/users/login 
    method - POST 
    IP - ::ffff:127.0.0.1
   {"timestamp":"2023-03-03T09:48:19.104Z"}
error: 
    status - 500 
    message - ValidationError: "password" is required 
    url - /api/v1/users/login 
    method - POST 
    IP - ::ffff:127.0.0.1
   {"timestamp":"2023-03-03T09:48:19.120Z"}
error: 
    status - 500 
    message - ValidationError: "password" length must be at least 6 characters long 
    url - /api/v1/users/login 
    method - POST 
    IP - ::ffff:127.0.0.1
   {"timestamp":"2023-03-03T09:48:19.135Z"}
info: Server started at http://localhost:3000/api/v1/ {"timestamp":"2023-03-03T11:05:08.571Z"}
info: Connected to the database. {"timestamp":"2023-03-03T11:05:08.606Z"}
info: Server started at http://localhost:3000/api/v1/ {"timestamp":"2023-03-03T11:07:53.381Z"}
info: Connected to the database. {"timestamp":"2023-03-03T11:07:53.423Z"}
error: 
      status - 400
      message - Authorization token is required 
      url - /api/v1/carts/add 
      method - POST 
      IP - ::1
     {"timestamp":"2023-03-03T11:08:23.562Z"}
error: 
    status - 500 
    message - TypeError: newCart is not a function
    at _callee$ (F:\bridgelabz\nodeJSProjects\book-store-backend\book-store\src\services\/cart.service.js:12:18)
    at tryCatch (F:\bridgelabz\nodeJSProjects\book-store-backend\book-store\node_modules\@babel\runtime\helpers\regeneratorRuntime.js:44:17)
    at Generator.<anonymous> (F:\bridgelabz\nodeJSProjects\book-store-backend\book-store\node_modules\@babel\runtime\helpers\regeneratorRuntime.js:125:22)
    at Generator.next (F:\bridgelabz\nodeJSProjects\book-store-backend\book-store\node_modules\@babel\runtime\helpers\regeneratorRuntime.js:69:21)
    at asyncGeneratorStep (F:\bridgelabz\nodeJSProjects\book-store-backend\book-store\node_modules\@babel\runtime\helpers\asyncToGenerator.js:3:24)
    at _next (F:\bridgelabz\nodeJSProjects\book-store-backend\book-store\node_modules\@babel\runtime\helpers\asyncToGenerator.js:22:9)
    at processTicksAndRejections (node:internal/process/task_queues:95:5) 
    url - /api/v1/carts/add 
    method - POST 
    IP - ::1
   {"timestamp":"2023-03-03T11:08:32.661Z"}
info: Server started at http://localhost:3000/api/v1/ {"timestamp":"2023-03-03T11:09:52.307Z"}
info: Connected to the database. {"timestamp":"2023-03-03T11:09:52.347Z"}
error: 
    status - 500 
    message - ReferenceError: userId is not defined
    at _callee$ (F:\bridgelabz\nodeJSProjects\book-store-backend\book-store\src\services\/cart.service.js:12:39)
    at tryCatch (F:\bridgelabz\nodeJSProjects\book-store-backend\book-store\node_modules\@babel\runtime\helpers\regeneratorRuntime.js:44:17)
    at Generator.<anonymous> (F:\bridgelabz\nodeJSProjects\book-store-backend\book-store\node_modules\@babel\runtime\helpers\regeneratorRuntime.js:125:22)
    at Generator.next (F:\bridgelabz\nodeJSProjects\book-store-backend\book-store\node_modules\@babel\runtime\helpers\regeneratorRuntime.js:69:21)
    at asyncGeneratorStep (F:\bridgelabz\nodeJSProjects\book-store-backend\book-store\node_modules\@babel\runtime\helpers\asyncToGenerator.js:3:24)
    at _next (F:\bridgelabz\nodeJSProjects\book-store-backend\book-store\node_modules\@babel\runtime\helpers\asyncToGenerator.js:22:9)
    at processTicksAndRejections (node:internal/process/task_queues:95:5) 
    url - /api/v1/carts/add 
    method - POST 
    IP - ::1
   {"timestamp":"2023-03-03T11:10:04.032Z"}
info: Server started at http://localhost:3000/api/v1/ {"timestamp":"2023-03-03T11:10:37.220Z"}
info: Connected to the database. {"timestamp":"2023-03-03T11:10:37.256Z"}
error: 
      status - 2
      message - The positional operator did not find the match needed from the query. 
      url - /api/v1/carts/add 
      method - POST 
      IP - ::1
     {"timestamp":"2023-03-03T11:10:41.394Z"}
error: 
    status - 500 
    message - RangeError: Invalid status code: 2
    at new NodeError (node:internal/errors:399:5)
    at ServerResponse.writeHead (node:_http_server:344:11)
    at ServerResponse.writeHead (F:\bridgelabz\nodeJSProjects\book-store-backend\book-store\node_modules\on-headers\index.js:44:26)
    at ServerResponse._implicitHeader (node:_http_server:335:8)
    at write_ (node:_http_outgoing:886:9)
    at ServerResponse.end (node:_http_outgoing:994:5)
    at ServerResponse.send (F:\bridgelabz\nodeJSProjects\book-store-backend\book-store\node_modules\express\lib\response.js:232:10)
    at ServerResponse.json (F:\bridgelabz\nodeJSProjects\book-store-backend\book-store\node_modules\express\lib\response.js:278:15)
    at appErrorHandler (F:\bridgelabz\nodeJSProjects\book-store-backend\book-store\src\middlewares\/error.middleware.js:36:26)
    at Layer.handle_error (F:\bridgelabz\nodeJSProjects\book-store-backend\book-store\node_modules\express\lib\router\layer.js:71:5)
    at trim_prefix (F:\bridgelabz\nodeJSProjects\book-store-backend\book-store\node_modules\express\lib\router\index.js:326:13)
    at F:\bridgelabz\nodeJSProjects\book-store-backend\book-store\node_modules\express\lib\router\index.js:286:9
    at Function.process_params (F:\bridgelabz\nodeJSProjects\book-store-backend\book-store\node_modules\express\lib\router\index.js:346:12)
    at Immediate.next (F:\bridgelabz\nodeJSProjects\book-store-backend\book-store\node_modules\express\lib\router\index.js:280:10)
    at Immediate._onImmediate (F:\bridgelabz\nodeJSProjects\book-store-backend\book-store\node_modules\express\lib\router\index.js:646:15)
    at processImmediate (node:internal/timers:478:21) 
    url - /api/v1/carts/add 
    method - POST 
    IP - ::1
   {"timestamp":"2023-03-03T11:10:41.408Z"}
info: Server started at http://localhost:3000/api/v1/ {"timestamp":"2023-03-03T11:12:36.144Z"}
info: Connected to the database. {"timestamp":"2023-03-03T11:12:36.183Z"}
error: 
      status - 2
      message - The positional operator did not find the match needed from the query. 
      url - /api/v1/carts/add 
      method - POST 
      IP - ::1
     {"timestamp":"2023-03-03T11:12:41.009Z"}
error: 
    status - 500 
    message - RangeError: Invalid status code: 2
    at new NodeError (node:internal/errors:399:5)
    at ServerResponse.writeHead (node:_http_server:344:11)
    at ServerResponse.writeHead (F:\bridgelabz\nodeJSProjects\book-store-backend\book-store\node_modules\on-headers\index.js:44:26)
    at ServerResponse._implicitHeader (node:_http_server:335:8)
    at write_ (node:_http_outgoing:886:9)
    at ServerResponse.end (node:_http_outgoing:994:5)
    at ServerResponse.send (F:\bridgelabz\nodeJSProjects\book-store-backend\book-store\node_modules\express\lib\response.js:232:10)
    at ServerResponse.json (F:\bridgelabz\nodeJSProjects\book-store-backend\book-store\node_modules\express\lib\response.js:278:15)
    at appErrorHandler (F:\bridgelabz\nodeJSProjects\book-store-backend\book-store\src\middlewares\/error.middleware.js:36:26)
    at Layer.handle_error (F:\bridgelabz\nodeJSProjects\book-store-backend\book-store\node_modules\express\lib\router\layer.js:71:5)
    at trim_prefix (F:\bridgelabz\nodeJSProjects\book-store-backend\book-store\node_modules\express\lib\router\index.js:326:13)
    at F:\bridgelabz\nodeJSProjects\book-store-backend\book-store\node_modules\express\lib\router\index.js:286:9
    at Function.process_params (F:\bridgelabz\nodeJSProjects\book-store-backend\book-store\node_modules\express\lib\router\index.js:346:12)
    at Immediate.next (F:\bridgelabz\nodeJSProjects\book-store-backend\book-store\node_modules\express\lib\router\index.js:280:10)
    at Immediate._onImmediate (F:\bridgelabz\nodeJSProjects\book-store-backend\book-store\node_modules\express\lib\router\index.js:646:15)
    at processImmediate (node:internal/timers:478:21) 
    url - /api/v1/carts/add 
    method - POST 
    IP - ::1
   {"timestamp":"2023-03-03T11:12:41.029Z"}
info: Server started at http://localhost:3000/api/v1/ {"timestamp":"2023-03-03T11:13:20.415Z"}
info: Connected to the database. {"timestamp":"2023-03-03T11:13:20.451Z"}
error: 
      status - 2
      message - The positional operator did not find the match needed from the query. 
      url - /api/v1/carts/add 
      method - POST 
      IP - ::1
     {"timestamp":"2023-03-03T11:13:24.520Z"}
error: 
    status - 500 
    message - RangeError: Invalid status code: 2
    at new NodeError (node:internal/errors:399:5)
    at ServerResponse.writeHead (node:_http_server:344:11)
    at ServerResponse.writeHead (F:\bridgelabz\nodeJSProjects\book-store-backend\book-store\node_modules\on-headers\index.js:44:26)
    at ServerResponse._implicitHeader (node:_http_server:335:8)
    at write_ (node:_http_outgoing:886:9)
    at ServerResponse.end (node:_http_outgoing:994:5)
    at ServerResponse.send (F:\bridgelabz\nodeJSProjects\book-store-backend\book-store\node_modules\express\lib\response.js:232:10)
    at ServerResponse.json (F:\bridgelabz\nodeJSProjects\book-store-backend\book-store\node_modules\express\lib\response.js:278:15)
    at appErrorHandler (F:\bridgelabz\nodeJSProjects\book-store-backend\book-store\src\middlewares\/error.middleware.js:36:26)
    at Layer.handle_error (F:\bridgelabz\nodeJSProjects\book-store-backend\book-store\node_modules\express\lib\router\layer.js:71:5)
    at trim_prefix (F:\bridgelabz\nodeJSProjects\book-store-backend\book-store\node_modules\express\lib\router\index.js:326:13)
    at F:\bridgelabz\nodeJSProjects\book-store-backend\book-store\node_modules\express\lib\router\index.js:286:9
    at Function.process_params (F:\bridgelabz\nodeJSProjects\book-store-backend\book-store\node_modules\express\lib\router\index.js:346:12)
    at Immediate.next (F:\bridgelabz\nodeJSProjects\book-store-backend\book-store\node_modules\express\lib\router\index.js:280:10)
    at Immediate._onImmediate (F:\bridgelabz\nodeJSProjects\book-store-backend\book-store\node_modules\express\lib\router\index.js:646:15)
    at processImmediate (node:internal/timers:478:21) 
    url - /api/v1/carts/add 
    method - POST 
    IP - ::1
   {"timestamp":"2023-03-03T11:13:24.533Z"}
info: Server started at http://localhost:3000/api/v1/ {"timestamp":"2023-03-03T11:13:52.681Z"}
info: Connected to the database. {"timestamp":"2023-03-03T11:13:52.717Z"}
error: 
      status - 2
      message - The positional operator did not find the match needed from the query. 
      url - /api/v1/carts/add 
      method - POST 
      IP - ::1
     {"timestamp":"2023-03-03T11:13:53.300Z"}
error: 
    status - 500 
    message - RangeError: Invalid status code: 2
    at new NodeError (node:internal/errors:399:5)
    at ServerResponse.writeHead (node:_http_server:344:11)
    at ServerResponse.writeHead (F:\bridgelabz\nodeJSProjects\book-store-backend\book-store\node_modules\on-headers\index.js:44:26)
    at ServerResponse._implicitHeader (node:_http_server:335:8)
    at write_ (node:_http_outgoing:886:9)
    at ServerResponse.end (node:_http_outgoing:994:5)
    at ServerResponse.send (F:\bridgelabz\nodeJSProjects\book-store-backend\book-store\node_modules\express\lib\response.js:232:10)
    at ServerResponse.json (F:\bridgelabz\nodeJSProjects\book-store-backend\book-store\node_modules\express\lib\response.js:278:15)
    at appErrorHandler (F:\bridgelabz\nodeJSProjects\book-store-backend\book-store\src\middlewares\/error.middleware.js:36:26)
    at Layer.handle_error (F:\bridgelabz\nodeJSProjects\book-store-backend\book-store\node_modules\express\lib\router\layer.js:71:5)
    at trim_prefix (F:\bridgelabz\nodeJSProjects\book-store-backend\book-store\node_modules\express\lib\router\index.js:326:13)
    at F:\bridgelabz\nodeJSProjects\book-store-backend\book-store\node_modules\express\lib\router\index.js:286:9
    at Function.process_params (F:\bridgelabz\nodeJSProjects\book-store-backend\book-store\node_modules\express\lib\router\index.js:346:12)
    at Immediate.next (F:\bridgelabz\nodeJSProjects\book-store-backend\book-store\node_modules\express\lib\router\index.js:280:10)
    at Immediate._onImmediate (F:\bridgelabz\nodeJSProjects\book-store-backend\book-store\node_modules\express\lib\router\index.js:646:15)
    at processImmediate (node:internal/timers:478:21) 
    url - /api/v1/carts/add 
    method - POST 
    IP - ::1
   {"timestamp":"2023-03-03T11:13:53.315Z"}
info: Server started at http://localhost:3000/api/v1/ {"timestamp":"2023-03-03T11:21:23.772Z"}
info: Connected to the database. {"timestamp":"2023-03-03T11:21:23.804Z"}
error: 
      status - 2
      message - The positional operator did not find the match needed from the query. 
      url - /api/v1/carts/add 
      method - POST 
      IP - ::1
     {"timestamp":"2023-03-03T11:22:51.873Z"}
error: 
    status - 500 
    message - RangeError: Invalid status code: 2
    at new NodeError (node:internal/errors:399:5)
    at ServerResponse.writeHead (node:_http_server:344:11)
    at ServerResponse.writeHead (F:\bridgelabz\nodeJSProjects\book-store-backend\book-store\node_modules\on-headers\index.js:44:26)
    at ServerResponse._implicitHeader (node:_http_server:335:8)
    at write_ (node:_http_outgoing:886:9)
    at ServerResponse.end (node:_http_outgoing:994:5)
    at ServerResponse.send (F:\bridgelabz\nodeJSProjects\book-store-backend\book-store\node_modules\express\lib\response.js:232:10)
    at ServerResponse.json (F:\bridgelabz\nodeJSProjects\book-store-backend\book-store\node_modules\express\lib\response.js:278:15)
    at appErrorHandler (F:\bridgelabz\nodeJSProjects\book-store-backend\book-store\src\middlewares\/error.middleware.js:36:26)
    at Layer.handle_error (F:\bridgelabz\nodeJSProjects\book-store-backend\book-store\node_modules\express\lib\router\layer.js:71:5)
    at trim_prefix (F:\bridgelabz\nodeJSProjects\book-store-backend\book-store\node_modules\express\lib\router\index.js:326:13)
    at F:\bridgelabz\nodeJSProjects\book-store-backend\book-store\node_modules\express\lib\router\index.js:286:9
    at Function.process_params (F:\bridgelabz\nodeJSProjects\book-store-backend\book-store\node_modules\express\lib\router\index.js:346:12)
    at Immediate.next (F:\bridgelabz\nodeJSProjects\book-store-backend\book-store\node_modules\express\lib\router\index.js:280:10)
    at Immediate._onImmediate (F:\bridgelabz\nodeJSProjects\book-store-backend\book-store\node_modules\express\lib\router\index.js:646:15)
    at processImmediate (node:internal/timers:478:21) 
    url - /api/v1/carts/add 
    method - POST 
    IP - ::1
   {"timestamp":"2023-03-03T11:22:51.888Z"}
error: 
      status - 2
      message - The positional operator did not find the match needed from the query. 
      url - /api/v1/carts/add 
      method - POST 
      IP - ::1
     {"timestamp":"2023-03-03T11:58:36.627Z"}
error: 
    status - 500 
    message - RangeError: Invalid status code: 2
    at new NodeError (node:internal/errors:399:5)
    at ServerResponse.writeHead (node:_http_server:344:11)
    at ServerResponse.writeHead (F:\bridgelabz\nodeJSProjects\book-store-backend\book-store\node_modules\on-headers\index.js:44:26)
    at ServerResponse._implicitHeader (node:_http_server:335:8)
    at write_ (node:_http_outgoing:886:9)
    at ServerResponse.end (node:_http_outgoing:994:5)
    at ServerResponse.send (F:\bridgelabz\nodeJSProjects\book-store-backend\book-store\node_modules\express\lib\response.js:232:10)
    at ServerResponse.json (F:\bridgelabz\nodeJSProjects\book-store-backend\book-store\node_modules\express\lib\response.js:278:15)
    at appErrorHandler (F:\bridgelabz\nodeJSProjects\book-store-backend\book-store\src\middlewares\/error.middleware.js:36:26)
    at Layer.handle_error (F:\bridgelabz\nodeJSProjects\book-store-backend\book-store\node_modules\express\lib\router\layer.js:71:5)
    at trim_prefix (F:\bridgelabz\nodeJSProjects\book-store-backend\book-store\node_modules\express\lib\router\index.js:326:13)
    at F:\bridgelabz\nodeJSProjects\book-store-backend\book-store\node_modules\express\lib\router\index.js:286:9
    at Function.process_params (F:\bridgelabz\nodeJSProjects\book-store-backend\book-store\node_modules\express\lib\router\index.js:346:12)
    at Immediate.next (F:\bridgelabz\nodeJSProjects\book-store-backend\book-store\node_modules\express\lib\router\index.js:280:10)
    at Immediate._onImmediate (F:\bridgelabz\nodeJSProjects\book-store-backend\book-store\node_modules\express\lib\router\index.js:646:15)
    at processImmediate (node:internal/timers:478:21) 
    url - /api/v1/carts/add 
    method - POST 
    IP - ::1
   {"timestamp":"2023-03-03T11:58:36.634Z"}
info: Server started at http://localhost:3000/api/v1/ {"timestamp":"2023-03-03T13:36:18.175Z"}
info: Connected to the database. {"timestamp":"2023-03-03T13:36:18.213Z"}
error: 
      status - 2
      message - The positional operator did not find the match needed from the query. 
      url - /api/v1/carts/add 
      method - POST 
      IP - ::1
     {"timestamp":"2023-03-03T13:36:28.461Z"}
error: 
    status - 500 
    message - RangeError: Invalid status code: 2
    at new NodeError (node:internal/errors:399:5)
    at ServerResponse.writeHead (node:_http_server:344:11)
    at ServerResponse.writeHead (F:\bridgelabz\nodeJSProjects\book-store-backend\book-store\node_modules\on-headers\index.js:44:26)
    at ServerResponse._implicitHeader (node:_http_server:335:8)
    at write_ (node:_http_outgoing:886:9)
    at ServerResponse.end (node:_http_outgoing:994:5)
    at ServerResponse.send (F:\bridgelabz\nodeJSProjects\book-store-backend\book-store\node_modules\express\lib\response.js:232:10)
    at ServerResponse.json (F:\bridgelabz\nodeJSProjects\book-store-backend\book-store\node_modules\express\lib\response.js:278:15)
    at appErrorHandler (F:\bridgelabz\nodeJSProjects\book-store-backend\book-store\src\middlewares\/error.middleware.js:36:26)
    at Layer.handle_error (F:\bridgelabz\nodeJSProjects\book-store-backend\book-store\node_modules\express\lib\router\layer.js:71:5)
    at trim_prefix (F:\bridgelabz\nodeJSProjects\book-store-backend\book-store\node_modules\express\lib\router\index.js:326:13)
    at F:\bridgelabz\nodeJSProjects\book-store-backend\book-store\node_modules\express\lib\router\index.js:286:9
    at Function.process_params (F:\bridgelabz\nodeJSProjects\book-store-backend\book-store\node_modules\express\lib\router\index.js:346:12)
    at Immediate.next (F:\bridgelabz\nodeJSProjects\book-store-backend\book-store\node_modules\express\lib\router\index.js:280:10)
    at Immediate._onImmediate (F:\bridgelabz\nodeJSProjects\book-store-backend\book-store\node_modules\express\lib\router\index.js:646:15)
    at processImmediate (node:internal/timers:478:21) 
    url - /api/v1/carts/add 
    method - POST 
    IP - ::1
   {"timestamp":"2023-03-03T13:36:28.478Z"}
info: Server started at http://localhost:3000/api/v1/ {"timestamp":"2023-03-03T15:11:13.879Z"}
info: Connected to the database. {"timestamp":"2023-03-03T15:11:13.915Z"}
error: 
      status - 2
      message - The positional operator did not find the match needed from the query. 
      url - /api/v1/carts/add 
      method - POST 
      IP - ::1
     {"timestamp":"2023-03-03T15:11:23.518Z"}
error: 
    status - 500 
    message - RangeError: Invalid status code: 2
    at new NodeError (node:internal/errors:399:5)
    at ServerResponse.writeHead (node:_http_server:344:11)
    at ServerResponse.writeHead (F:\bridgelabz\nodeJSProjects\book-store-backend\book-store\node_modules\on-headers\index.js:44:26)
    at ServerResponse._implicitHeader (node:_http_server:335:8)
    at write_ (node:_http_outgoing:886:9)
    at ServerResponse.end (node:_http_outgoing:994:5)
    at ServerResponse.send (F:\bridgelabz\nodeJSProjects\book-store-backend\book-store\node_modules\express\lib\response.js:232:10)
    at ServerResponse.json (F:\bridgelabz\nodeJSProjects\book-store-backend\book-store\node_modules\express\lib\response.js:278:15)
    at appErrorHandler (F:\bridgelabz\nodeJSProjects\book-store-backend\book-store\src\middlewares\/error.middleware.js:36:26)
    at Layer.handle_error (F:\bridgelabz\nodeJSProjects\book-store-backend\book-store\node_modules\express\lib\router\layer.js:71:5)
    at trim_prefix (F:\bridgelabz\nodeJSProjects\book-store-backend\book-store\node_modules\express\lib\router\index.js:326:13)
    at F:\bridgelabz\nodeJSProjects\book-store-backend\book-store\node_modules\express\lib\router\index.js:286:9
    at Function.process_params (F:\bridgelabz\nodeJSProjects\book-store-backend\book-store\node_modules\express\lib\router\index.js:346:12)
    at Immediate.next (F:\bridgelabz\nodeJSProjects\book-store-backend\book-store\node_modules\express\lib\router\index.js:280:10)
    at Immediate._onImmediate (F:\bridgelabz\nodeJSProjects\book-store-backend\book-store\node_modules\express\lib\router\index.js:646:15)
    at processImmediate (node:internal/timers:478:21) 
    url - /api/v1/carts/add 
    method - POST 
    IP - ::1
   {"timestamp":"2023-03-03T15:11:23.540Z"}
info: Server started at http://localhost:3000/api/v1/ {"timestamp":"2023-03-03T15:13:01.303Z"}
info: Connected to the database. {"timestamp":"2023-03-03T15:13:01.338Z"}
error: 
      status - 2
      message - The positional operator did not find the match needed from the query. 
      url - /api/v1/carts/add 
      method - POST 
      IP - ::1
     {"timestamp":"2023-03-03T15:13:05.507Z"}
error: 
    status - 500 
    message - RangeError: Invalid status code: 2
    at new NodeError (node:internal/errors:399:5)
    at ServerResponse.writeHead (node:_http_server:344:11)
    at ServerResponse.writeHead (F:\bridgelabz\nodeJSProjects\book-store-backend\book-store\node_modules\on-headers\index.js:44:26)
    at ServerResponse._implicitHeader (node:_http_server:335:8)
    at write_ (node:_http_outgoing:886:9)
    at ServerResponse.end (node:_http_outgoing:994:5)
    at ServerResponse.send (F:\bridgelabz\nodeJSProjects\book-store-backend\book-store\node_modules\express\lib\response.js:232:10)
    at ServerResponse.json (F:\bridgelabz\nodeJSProjects\book-store-backend\book-store\node_modules\express\lib\response.js:278:15)
    at appErrorHandler (F:\bridgelabz\nodeJSProjects\book-store-backend\book-store\src\middlewares\/error.middleware.js:36:26)
    at Layer.handle_error (F:\bridgelabz\nodeJSProjects\book-store-backend\book-store\node_modules\express\lib\router\layer.js:71:5)
    at trim_prefix (F:\bridgelabz\nodeJSProjects\book-store-backend\book-store\node_modules\express\lib\router\index.js:326:13)
    at F:\bridgelabz\nodeJSProjects\book-store-backend\book-store\node_modules\express\lib\router\index.js:286:9
    at Function.process_params (F:\bridgelabz\nodeJSProjects\book-store-backend\book-store\node_modules\express\lib\router\index.js:346:12)
    at Immediate.next (F:\bridgelabz\nodeJSProjects\book-store-backend\book-store\node_modules\express\lib\router\index.js:280:10)
    at Immediate._onImmediate (F:\bridgelabz\nodeJSProjects\book-store-backend\book-store\node_modules\express\lib\router\index.js:646:15)
    at processImmediate (node:internal/timers:478:21) 
    url - /api/v1/carts/add 
    method - POST 
    IP - ::1
   {"timestamp":"2023-03-03T15:13:05.520Z"}
info: Server started at http://localhost:3000/api/v1/ {"timestamp":"2023-03-03T15:16:00.157Z"}
info: Connected to the database. {"timestamp":"2023-03-03T15:16:00.194Z"}
error: 
      status - 2
      message - The positional operator did not find the match needed from the query. 
      url - /api/v1/carts/add 
      method - POST 
      IP - ::1
     {"timestamp":"2023-03-03T15:16:04.152Z"}
error: 
    status - 500 
    message - RangeError: Invalid status code: 2
    at new NodeError (node:internal/errors:399:5)
    at ServerResponse.writeHead (node:_http_server:344:11)
    at ServerResponse.writeHead (F:\bridgelabz\nodeJSProjects\book-store-backend\book-store\node_modules\on-headers\index.js:44:26)
    at ServerResponse._implicitHeader (node:_http_server:335:8)
    at write_ (node:_http_outgoing:886:9)
    at ServerResponse.end (node:_http_outgoing:994:5)
    at ServerResponse.send (F:\bridgelabz\nodeJSProjects\book-store-backend\book-store\node_modules\express\lib\response.js:232:10)
    at ServerResponse.json (F:\bridgelabz\nodeJSProjects\book-store-backend\book-store\node_modules\express\lib\response.js:278:15)
    at appErrorHandler (F:\bridgelabz\nodeJSProjects\book-store-backend\book-store\src\middlewares\/error.middleware.js:36:26)
    at Layer.handle_error (F:\bridgelabz\nodeJSProjects\book-store-backend\book-store\node_modules\express\lib\router\layer.js:71:5)
    at trim_prefix (F:\bridgelabz\nodeJSProjects\book-store-backend\book-store\node_modules\express\lib\router\index.js:326:13)
    at F:\bridgelabz\nodeJSProjects\book-store-backend\book-store\node_modules\express\lib\router\index.js:286:9
    at Function.process_params (F:\bridgelabz\nodeJSProjects\book-store-backend\book-store\node_modules\express\lib\router\index.js:346:12)
    at Immediate.next (F:\bridgelabz\nodeJSProjects\book-store-backend\book-store\node_modules\express\lib\router\index.js:280:10)
    at Immediate._onImmediate (F:\bridgelabz\nodeJSProjects\book-store-backend\book-store\node_modules\express\lib\router\index.js:646:15)
    at processImmediate (node:internal/timers:478:21) 
    url - /api/v1/carts/add 
    method - POST 
    IP - ::1
   {"timestamp":"2023-03-03T15:16:04.184Z"}
info: Server started at http://localhost:3000/api/v1/ {"timestamp":"2023-03-03T15:17:25.780Z"}
info: Connected to the database. {"timestamp":"2023-03-03T15:17:25.817Z"}
info: Server started at http://localhost:3000/api/v1/ {"timestamp":"2023-03-03T15:22:33.789Z"}
info: Connected to the database. {"timestamp":"2023-03-03T15:22:33.825Z"}
info: Server started at http://localhost:3000/api/v1/ {"timestamp":"2023-03-03T15:24:44.764Z"}
info: Connected to the database. {"timestamp":"2023-03-03T15:24:44.802Z"}
info: Server started at http://localhost:3000/api/v1/ {"timestamp":"2023-03-03T15:31:20.291Z"}
info: Connected to the database. {"timestamp":"2023-03-03T15:31:20.328Z"}
