info: ::1 - - [08/Mar/2023:05:57:35 +0000] "POST /api/v1/carts/add/book/62158a8405253301a4fda5e0 HTTP/1.1" 201 449 "-" "PostmanRuntime/7.31.1"

info: ::1 - - [08/Mar/2023:05:59:25 +0000] "POST /api/v1/carts/add/book/62158a8405253301a4fda5e0 HTTP/1.1" 201 86 "-" "PostmanRuntime/7.31.1"

info: ::1 - - [08/Mar/2023:06:00:23 +0000] "POST /api/v1/carts/add/book/6215178d05253301a4fda5c4 HTTP/1.1" 201 86 "-" "PostmanRuntime/7.31.1"

info: ::1 - - [08/Mar/2023:06:03:54 +0000] "POST /api/v1/carts/add/book/6214803b05253301a4fda584 HTTP/1.1" 500 60 "-" "PostmanRuntime/7.31.1"

info: ::1 - - [08/Mar/2023:06:06:21 +0000] "GET /static/js/bundle.js HTTP/1.1" 404 47 "http://localhost:3000/" "Mozilla/5.0 (Windows NT 10.0; Win64; x64) AppleWebKit/537.36 (KHTML, like Gecko) Chrome/110.0.0.0 Safari/537.36"

info: ::1 - - [08/Mar/2023:06:06:21 +0000] "GET /manifest.json HTTP/1.1" 404 47 "http://localhost:3000/" "Mozilla/5.0 (Windows NT 10.0; Win64; x64) AppleWebKit/537.36 (KHTML, like Gecko) Chrome/110.0.0.0 Safari/537.36"

info: ::1 - - [08/Mar/2023:11:08:59 +0000] "GET /api/v1/books/ HTTP/1.1" 200 9282 "-" "PostmanRuntime/7.31.1"

info: ::1 - - [08/Mar/2023:11:09:30 +0000] "GET /api/v1/books?q=patil HTTP/1.1" 200 65 "-" "PostmanRuntime/7.31.1"

info: ::1 - - [08/Mar/2023:11:09:40 +0000] "GET /api/v1/books HTTP/1.1" 200 9282 "-" "PostmanRuntime/7.31.1"

info: ::1 - - [08/Mar/2023:11:09:55 +0000] "GET /api/v1/books?q=Steve%20Tribe HTTP/1.1" 200 65 "-" "PostmanRuntime/7.31.1"

info: ::1 - - [08/Mar/2023:11:10:04 +0000] "GET /api/v1/books?q=%27Steve%20Tribe%27 HTTP/1.1" 200 65 "-" "PostmanRuntime/7.31.1"

info: ::1 - - [08/Mar/2023:11:10:12 +0000] "GET /api/v1/books HTTP/1.1" 200 9282 "-" "PostmanRuntime/7.31.1"

info: ::1 - - [08/Mar/2023:11:10:22 +0000] "GET /ws HTTP/1.1" 404 47 "-" "Mozilla/5.0 (Windows NT 10.0; Win64; x64) AppleWebKit/537.36 (KHTML, like Gecko) Chrome/110.0.0.0 Safari/537.36"

info: ::1 - - [08/Mar/2023:11:10:57 +0000] "GET /api/v1/books?q=Patil HTTP/1.1" 200 65 "-" "PostmanRuntime/7.31.1"

info: ::1 - - [08/Mar/2023:11:13:11 +0000] "GET /api/v1/books?q=Patil HTTP/1.1" 200 65 "-" "PostmanRuntime/7.31.1"

info: ::1 - - [08/Mar/2023:11:13:19 +0000] "GET /api/v1/books HTTP/1.1" 200 9282 "-" "PostmanRuntime/7.31.1"

info: ::1 - - [08/Mar/2023:11:13:37 +0000] "GET /api/v1/books?q=Sherlock HTTP/1.1" 200 65 "-" "PostmanRuntime/7.31.1"

info: ::1 - - [08/Mar/2023:11:14:35 +0000] "GET /api/v1/books?q=Sherlock HTTP/1.1" 200 65 "-" "PostmanRuntime/7.31.1"

info: ::1 - - [08/Mar/2023:11:16:08 +0000] "GET /api/v1/books?q=Sherlock HTTP/1.1" 200 65 "-" "PostmanRuntime/7.31.1"

info: ::1 - - [08/Mar/2023:11:16:36 +0000] "GET /api/v1/books?q=Sherlock HTTP/1.1" 200 65 "-" "PostmanRuntime/7.31.1"

info: ::1 - - [08/Mar/2023:11:19:05 +0000] "GET /api/v1/books?q=Sherlock HTTP/1.1" 200 1346 "-" "PostmanRuntime/7.31.1"

info: ::1 - - [08/Mar/2023:11:27:45 +0000] "GET /api/v1/books HTTP/1.1" 200 2616 "-" "PostmanRuntime/7.31.1"

info: ::1 - - [08/Mar/2023:11:28:06 +0000] "GET /api/v1/books?page=2 HTTP/1.1" 200 1571 "-" "PostmanRuntime/7.31.1"

info: ::1 - - [08/Mar/2023:11:42:08 +0000] "GET /api/v1/books?page=2 HTTP/1.1" 200 2596 "-" "PostmanRuntime/7.31.1"

info: ::1 - - [08/Mar/2023:11:42:20 +0000] "GET /api/v1/books HTTP/1.1" 200 2615 "-" "PostmanRuntime/7.31.1"

info: ::1 - - [08/Mar/2023:11:42:29 +0000] "GET /api/v1/books HTTP/1.1" 200 2615 "-" "PostmanRuntime/7.31.1"

info: ::1 - - [08/Mar/2023:11:42:38 +0000] "GET /api/v1/books?page=2 HTTP/1.1" 200 2596 "-" "PostmanRuntime/7.31.1"

info: ::1 - - [08/Mar/2023:11:43:04 +0000] "GET /api/v1/books?page=3 HTTP/1.1" 200 3365 "-" "PostmanRuntime/7.31.1"

