info: ::1 - - [06/Mar/2023:07:13:15 +0000] "GET /api/v1/books/ HTTP/1.1" 200 9282 "-" "PostmanRuntime/7.31.1"

info: ::1 - - [06/Mar/2023:10:18:19 +0000] "POST /api/v1/carts/remove/book/621588af05253301a4fda5ce HTTP/1.1" 400 56 "-" "PostmanRuntime/7.31.1"

info: ::1 - - [06/Mar/2023:10:18:28 +0000] "POST /api/v1/carts/remove/book/621588af05253301a4fda5ce HTTP/1.1" 500 91 "-" "PostmanRuntime/7.31.1"

info: ::1 - - [06/Mar/2023:10:20:28 +0000] "POST /api/v1/carts/remove/book/621588af05253301a4fda5ce HTTP/1.1" 500 91 "-" "PostmanRuntime/7.31.1"

info: ::1 - - [06/Mar/2023:10:21:45 +0000] "POST /api/v1/carts/remove/book/621588af05253301a4fda5ce HTTP/1.1" 500 91 "-" "PostmanRuntime/7.31.1"

info: ::1 - - [06/Mar/2023:10:22:07 +0000] "POST /api/v1/carts/remove/book/621588af05253301a4fda5ce HTTP/1.1" 500 91 "-" "PostmanRuntime/7.31.1"

info: ::1 - - [06/Mar/2023:10:23:02 +0000] "POST /api/v1/carts/remove/book/621588af05253301a4fda5ce HTTP/1.1" 500 91 "-" "PostmanRuntime/7.31.1"

info: ::1 - - [06/Mar/2023:10:23:34 +0000] "POST /api/v1/carts/remove/book/621588af05253301a4fda5ce HTTP/1.1" 500 91 "-" "PostmanRuntime/7.31.1"

info: ::1 - - [06/Mar/2023:10:24:00 +0000] "POST /api/v1/carts/remove/book/621588af05253301a4fda5ce HTTP/1.1" 500 91 "-" "PostmanRuntime/7.31.1"

info: ::1 - - [06/Mar/2023:10:24:32 +0000] "POST /api/v1/carts/remove/book/621588af05253301a4fda5ce HTTP/1.1" 500 91 "-" "PostmanRuntime/7.31.1"

info: ::1 - - [06/Mar/2023:10:25:48 +0000] "POST /api/v1/carts/remove/book/621588af05253301a4fda5ce HTTP/1.1" 500 91 "-" "PostmanRuntime/7.31.1"

info: ::1 - - [06/Mar/2023:10:26:12 +0000] "POST /api/v1/carts/remove/book/621588af05253301a4fda5ce HTTP/1.1" 500 91 "-" "PostmanRuntime/7.31.1"

info: ::1 - - [06/Mar/2023:10:26:47 +0000] "POST /api/v1/carts/remove/book/621588af05253301a4fda5ce HTTP/1.1" 500 91 "-" "PostmanRuntime/7.31.1"

info: ::1 - - [06/Mar/2023:10:27:19 +0000] "POST /api/v1/carts/remove/book/621588af05253301a4fda5ce HTTP/1.1" 201 86 "-" "PostmanRuntime/7.31.1"

info: ::1 - - [06/Mar/2023:10:27:59 +0000] "POST /api/v1/carts/remove/book/62158a8405253301a4fda5e0 HTTP/1.1" 201 86 "-" "PostmanRuntime/7.31.1"

info: ::1 - - [06/Mar/2023:10:29:40 +0000] "POST /api/v1/carts/remove/book/62158a8405253301a4fda5e0 HTTP/1.1" 201 86 "-" "PostmanRuntime/7.31.1"

info: ::1 - - [06/Mar/2023:11:25:28 +0000] "POST /api/v1/wishlists/add/book/62158a8405253301a4fda5e0 HTTP/1.1" 400 56 "-" "PostmanRuntime/7.31.1"

info: ::1 - - [06/Mar/2023:11:25:35 +0000] "POST /api/v1/wishlists/add/book/62158a8405253301a4fda5e0 HTTP/1.1" 500 61 "-" "PostmanRuntime/7.31.1"

info: ::1 - - [06/Mar/2023:11:26:06 +0000] "POST /api/v1/wishlists/add/book/62158a8405253301a4fda5e0 HTTP/1.1" 201 399 "-" "PostmanRuntime/7.31.1"

info: ::1 - - [06/Mar/2023:11:29:27 +0000] "GET /api/v1/carts/purchase HTTP/1.1" 404 47 "-" "PostmanRuntime/7.31.1"

info: ::1 - - [06/Mar/2023:11:29:52 +0000] "POST /api/v1/carts/purchase HTTP/1.1" 400 56 "-" "PostmanRuntime/7.31.1"

info: ::1 - - [06/Mar/2023:11:30:02 +0000] "POST /api/v1/carts/purchase HTTP/1.1" 201 88 "-" "PostmanRuntime/7.31.1"

info: ::1 - - [06/Mar/2023:12:23:30 +0000] "POST /api/v1/wishlists/remove/book/62158a8405253301a4fda5e0 HTTP/1.1" 404 47 "-" "PostmanRuntime/7.31.1"

info: ::1 - - [06/Mar/2023:12:23:53 +0000] "POST /api/v1/wishlists/remove/book/62158a8405253301a4fda5e0 HTTP/1.1" 500 54 "-" "PostmanRuntime/7.31.1"

info: ::1 - - [06/Mar/2023:12:25:02 +0000] "POST /api/v1/wishlists/remove/book/62158a8405253301a4fda5e0 HTTP/1.1" 201 100 "-" "PostmanRuntime/7.31.1"

